[2026-06-16 11:57:35,636][src.utils.utils][INFO] - [rank: 0] Enforcing tags! <cfg.extras.enforce_tags=True>
[2026-06-16 11:57:35,642][src.utils.utils][INFO] - [rank: 0] Printing config tree with Rich! <cfg.extras.print_config=True>
[2026-06-16 11:57:35,921][src.utils.restart_job][INFO] - [rank: 0] Using metadata dir: /scratch-shared/scur1219/results/tiger/XXL/beauty_rkmeans/metadata
[2026-06-16 11:57:35,921][src.utils.restart_job][INFO] - [rank: 0] Starting job (attempt 1/4): /home/scur1219/.conda/envs/RecSys/bin/python /gpfs/home6/scur1219/GRID/src/train.py experiment=tiger_train_flat data_dir=/projects/prjs2120/groups/group_08/data/amazon_data/beauty semantic_id_path=/scratch-shared/scur1219/results/sid_rkmeans/XXL/beauty/rkmeans_inference/pickle/merged_predictions_tensor.pt num_hierarchies=4 hydra.run.dir=/scratch-shared/scur1219/results/tiger/XXL/beauty_rkmeans ++should_skip_retry=True
[2026-06-16 11:57:44,410][src.utils.utils][INFO] - [rank: 0] Enforcing tags! <cfg.extras.enforce_tags=True>
[2026-06-16 11:57:44,415][src.utils.utils][INFO] - [rank: 0] Printing config tree with Rich! <cfg.extras.print_config=True>
[2026-06-16 11:57:44,690][src.utils.restart_job][INFO] - [rank: 0] should_skip_retry set to True. Skipping retry logic.
[2026-06-16 11:57:44,693][src.utils.launcher_utils][INFO] - [rank: 0] Instantiating datamodule <src.data.loading.datamodules.sequence_datamodule.SequenceDataModule>
[2026-06-16 11:57:44,801][src.utils.launcher_utils][INFO] - [rank: 0] Instantiating model <src.models.modules.semantic_id.tiger_generation_model.SemanticIDEncoderDecoder>
[2026-06-16 11:57:45,076][src.utils.launcher_utils][INFO] - [rank: 0] Instantiating callbacks...
[2026-06-16 11:57:45,076][src.utils.instantiators][INFO] - [rank: 0] Instantiating callback <lightning.pytorch.callbacks.ModelCheckpoint>
[2026-06-16 11:57:45,080][src.utils.instantiators][INFO] - [rank: 0] Instantiating callback <lightning.pytorch.callbacks.EarlyStopping>
[2026-06-16 11:57:45,082][src.utils.instantiators][INFO] - [rank: 0] Instantiating callback <lightning.pytorch.callbacks.RichModelSummary>
[2026-06-16 11:57:45,083][src.utils.instantiators][INFO] - [rank: 0] Instantiating callback <src.utils.restart_job.RestartAndLoadCheckpointCallback>
[2026-06-16 11:57:45,085][src.utils.restart_job_utils][INFO] - [rank: 0] Trying to load metadata from /scratch-shared/scur1219/results/tiger/XXL/beauty_rkmeans/metadata/restart_metadata.json
[2026-06-16 11:57:45,085][src.utils.restart_job_utils][WARNING] - [rank: 0] Metadata file not found at /scratch-shared/scur1219/results/tiger/XXL/beauty_rkmeans/metadata/restart_metadata.json. Creating empty metadata.
[2026-06-16 11:57:45,085][src.utils.restart_job_utils][INFO] - [rank: 0] Saving metadata to /scratch-shared/scur1219/results/tiger/XXL/beauty_rkmeans/metadata/restart_metadata.json. {'start_time': '2026-06-16T11:57:45.085780', 'restarts': [], 'current_run': 0, 'used_ports': [], 'world_size': 0, 'node_rank': 0, 'master_addr': '', 'original_args': ['/gpfs/home6/scur1219/GRID/src/train.py', 'experiment=tiger_train_flat', 'data_dir=/projects/prjs2120/groups/group_08/data/amazon_data/beauty', 'semantic_id_path=/scratch-shared/scur1219/results/sid_rkmeans/XXL/beauty/rkmeans_inference/pickle/merged_predictions_tensor.pt', 'num_hierarchies=4', 'hydra.run.dir=/scratch-shared/scur1219/results/tiger/XXL/beauty_rkmeans', '++should_skip_retry=True']}
[2026-06-16 11:57:45,086][src.utils.launcher_utils][INFO] - [rank: 0] Instantiating loggers...
[2026-06-16 11:57:45,086][src.utils.instantiators][INFO] - [rank: 0] Instantiating logger <lightning.pytorch.loggers.csv_logs.CSVLogger>
[2026-06-16 11:57:45,088][src.utils.launcher_utils][INFO] - [rank: 0] Instantiating trainer <lightning.pytorch.trainer.Trainer>
[2026-06-16 11:57:45,090][src.utils.restart_job_utils][INFO] - [rank: 0] Trying to load metadata from /scratch-shared/scur1219/results/tiger/XXL/beauty_rkmeans/metadata/restart_metadata.json
[2026-06-16 11:57:45,092][src.utils.restart_job_utils][INFO] - [rank: 0] Metadata loaded successfully from /scratch-shared/scur1219/results/tiger/XXL/beauty_rkmeans/metadata/restart_metadata.json
[2026-06-16 11:57:45,092][src.utils.restart_job_utils][INFO] - [rank: 0] Retrieved current_run: 0 from metadata /scratch-shared/scur1219/results/tiger/XXL/beauty_rkmeans/metadata/restart_metadata.json
[2026-06-16 11:57:45,141][src.utils.launcher_utils][INFO] - [rank: 0] Logging hyperparameters!
[2026-06-16 11:57:45,571][__main__][INFO] - [rank: 0] Starting training!
[2026-06-16 11:57:47,361][src.utils.restart_job_utils][INFO] - [rank: 0] Saving metadata to /scratch-shared/scur1219/results/tiger/XXL/beauty_rkmeans/metadata/restart_metadata.json. {'start_time': '2026-06-16T11:57:45.085780', 'restarts': [], 'current_run': 0, 'used_ports': ['58781'], 'world_size': 1, 'node_rank': 0, 'master_addr': '127.0.0.1', 'original_args': ['/gpfs/home6/scur1219/GRID/src/train.py', 'experiment=tiger_train_flat', 'data_dir=/projects/prjs2120/groups/group_08/data/amazon_data/beauty', 'semantic_id_path=/scratch-shared/scur1219/results/sid_rkmeans/XXL/beauty/rkmeans_inference/pickle/merged_predictions_tensor.pt', 'num_hierarchies=4', 'hydra.run.dir=/scratch-shared/scur1219/results/tiger/XXL/beauty_rkmeans', '++should_skip_retry=True']}
[2026-06-16 15:51:22,627][__main__][INFO] - [rank: 0] Starting testing!
[2026-06-16 15:53:25,977][__main__][INFO] - [rank: 0] Best ckpt path: /gpfs/scratch1/shared/scur1219/results/tiger/XXL/beauty_rkmeans/checkpoints/checkpoint_epoch=000_step=003500.ckpt
[2026-06-16 15:53:26,005][__main__][INFO] - [rank: 0] Metrics: {'train/loss': tensor(7.6635), 'train/loss_step': tensor(7.8335), 'val/loss': tensor(9.0442), 'val/ndcg@5': tensor(0.0382), 'val/ndcg@10': tensor(0.0467), 'val/recall@5': tensor(0.0575), 'val/recall@10': tensor(0.0838), 'train/loss_epoch': tensor(7.6635), 'test/loss': tensor(9.2698), 'test/ndcg@5': tensor(0.0262), 'test/ndcg@10': tensor(0.0334), 'test/recall@5': tensor(0.0404), 'test/recall@10': tensor(0.0628)}
[2026-06-16 15:53:34,482][src.utils.restart_job][INFO] - [rank: 0] Job finished successfully.
