[2026-06-10 17:54:07,168][src.utils.utils][INFO] - [rank: 0] Enforcing tags! <cfg.extras.enforce_tags=True>
[2026-06-10 17:54:07,175][src.utils.utils][INFO] - [rank: 0] Printing config tree with Rich! <cfg.extras.print_config=True>
[2026-06-10 17:54:07,457][src.utils.restart_job][INFO] - [rank: 0] Using metadata dir: /projects/prjs2120/groups/group_08/results/tiger/sports_rkmeans/metadata
[2026-06-10 17:54:07,457][src.utils.restart_job][INFO] - [rank: 0] Starting job (attempt 1/4): /home/scur1219/.conda/envs/RecSys/bin/python /gpfs/home6/scur1219/GRID/src/train.py experiment=tiger_train_flat data_dir=/projects/prjs2120/groups/group_08/data/amazon_data/sports semantic_id_path=/projects/prjs2120/groups/group_08/results/sid_rkmeans/sports/rkmeans_inference/pickle/merged_predictions_tensor.pt num_hierarchies=4 hydra.run.dir=/projects/prjs2120/groups/group_08/results/tiger/sports_rkmeans ++should_skip_retry=True
[2026-06-10 17:54:15,436][src.utils.utils][INFO] - [rank: 0] Enforcing tags! <cfg.extras.enforce_tags=True>
[2026-06-10 17:54:15,443][src.utils.utils][INFO] - [rank: 0] Printing config tree with Rich! <cfg.extras.print_config=True>
[2026-06-10 17:54:15,715][src.utils.restart_job][INFO] - [rank: 0] should_skip_retry set to True. Skipping retry logic.
[2026-06-10 17:54:15,725][src.utils.launcher_utils][INFO] - [rank: 0] Instantiating datamodule <src.data.loading.datamodules.sequence_datamodule.SequenceDataModule>
[2026-06-10 17:54:16,001][src.utils.launcher_utils][INFO] - [rank: 0] Instantiating model <src.models.modules.semantic_id.tiger_generation_model.SemanticIDEncoderDecoder>
[2026-06-10 17:54:16,296][src.utils.launcher_utils][INFO] - [rank: 0] Instantiating callbacks...
[2026-06-10 17:54:16,297][src.utils.instantiators][INFO] - [rank: 0] Instantiating callback <lightning.pytorch.callbacks.ModelCheckpoint>
[2026-06-10 17:54:16,300][src.utils.instantiators][INFO] - [rank: 0] Instantiating callback <lightning.pytorch.callbacks.EarlyStopping>
[2026-06-10 17:54:16,302][src.utils.instantiators][INFO] - [rank: 0] Instantiating callback <lightning.pytorch.callbacks.RichModelSummary>
[2026-06-10 17:54:16,303][src.utils.instantiators][INFO] - [rank: 0] Instantiating callback <src.utils.restart_job.RestartAndLoadCheckpointCallback>
[2026-06-10 17:54:16,305][src.utils.restart_job_utils][INFO] - [rank: 0] Trying to load metadata from /projects/prjs2120/groups/group_08/results/tiger/sports_rkmeans/metadata/restart_metadata.json
[2026-06-10 17:54:16,306][src.utils.restart_job_utils][WARNING] - [rank: 0] Metadata file not found at /projects/prjs2120/groups/group_08/results/tiger/sports_rkmeans/metadata/restart_metadata.json. Creating empty metadata.
[2026-06-10 17:54:16,306][src.utils.restart_job_utils][INFO] - [rank: 0] Saving metadata to /projects/prjs2120/groups/group_08/results/tiger/sports_rkmeans/metadata/restart_metadata.json. {'start_time': '2026-06-10T17:54:16.306267', 'restarts': [], 'current_run': 0, 'used_ports': [], 'world_size': 0, 'node_rank': 0, 'master_addr': '', 'original_args': ['/gpfs/home6/scur1219/GRID/src/train.py', 'experiment=tiger_train_flat', 'data_dir=/projects/prjs2120/groups/group_08/data/amazon_data/sports', 'semantic_id_path=/projects/prjs2120/groups/group_08/results/sid_rkmeans/sports/rkmeans_inference/pickle/merged_predictions_tensor.pt', 'num_hierarchies=4', 'hydra.run.dir=/projects/prjs2120/groups/group_08/results/tiger/sports_rkmeans', '++should_skip_retry=True']}
[2026-06-10 17:54:16,376][src.utils.launcher_utils][INFO] - [rank: 0] Instantiating loggers...
[2026-06-10 17:54:16,376][src.utils.instantiators][INFO] - [rank: 0] Instantiating logger <lightning.pytorch.loggers.csv_logs.CSVLogger>
[2026-06-10 17:54:16,378][src.utils.launcher_utils][INFO] - [rank: 0] Instantiating trainer <lightning.pytorch.trainer.Trainer>
[2026-06-10 17:54:16,381][src.utils.restart_job_utils][INFO] - [rank: 0] Trying to load metadata from /projects/prjs2120/groups/group_08/results/tiger/sports_rkmeans/metadata/restart_metadata.json
[2026-06-10 17:54:16,383][src.utils.restart_job_utils][INFO] - [rank: 0] Metadata loaded successfully from /projects/prjs2120/groups/group_08/results/tiger/sports_rkmeans/metadata/restart_metadata.json
[2026-06-10 17:54:16,383][src.utils.restart_job_utils][INFO] - [rank: 0] Retrieved current_run: 0 from metadata /projects/prjs2120/groups/group_08/results/tiger/sports_rkmeans/metadata/restart_metadata.json
[2026-06-10 17:54:16,433][src.utils.launcher_utils][INFO] - [rank: 0] Logging hyperparameters!
[2026-06-10 17:54:17,069][__main__][INFO] - [rank: 0] Starting training!
[2026-06-10 17:54:19,682][src.utils.restart_job_utils][INFO] - [rank: 0] Saving metadata to /projects/prjs2120/groups/group_08/results/tiger/sports_rkmeans/metadata/restart_metadata.json. {'start_time': '2026-06-10T17:54:16.306267', 'restarts': [], 'current_run': 0, 'used_ports': ['60229'], 'world_size': 1, 'node_rank': 0, 'master_addr': '127.0.0.1', 'original_args': ['/gpfs/home6/scur1219/GRID/src/train.py', 'experiment=tiger_train_flat', 'data_dir=/projects/prjs2120/groups/group_08/data/amazon_data/sports', 'semantic_id_path=/projects/prjs2120/groups/group_08/results/sid_rkmeans/sports/rkmeans_inference/pickle/merged_predictions_tensor.pt', 'num_hierarchies=4', 'hydra.run.dir=/projects/prjs2120/groups/group_08/results/tiger/sports_rkmeans', '++should_skip_retry=True']}
[2026-06-10 23:13:50,592][__main__][INFO] - [rank: 0] Starting testing!
[2026-06-10 23:17:05,964][__main__][INFO] - [rank: 0] Best ckpt path: /gpfs/work5/0/prjs2120/groups/group_08/results/tiger/sports_rkmeans/checkpoints/checkpoint_epoch=000_step=004000.ckpt
[2026-06-10 23:17:05,993][__main__][INFO] - [rank: 0] Metrics: {'train/loss': tensor(9.2376), 'train/loss_step': tensor(7.9633), 'val/loss': tensor(9.2298), 'val/ndcg@5': tensor(0.0195), 'val/ndcg@10': tensor(0.0242), 'val/recall@5': tensor(0.0296), 'val/recall@10': tensor(0.0443), 'train/loss_epoch': tensor(9.2376), 'test/loss': tensor(9.5222), 'test/ndcg@5': tensor(0.0153), 'test/ndcg@10': tensor(0.0190), 'test/recall@5': tensor(0.0231), 'test/recall@10': tensor(0.0346)}
[2026-06-10 23:17:11,438][src.utils.restart_job][INFO] - [rank: 0] Job finished successfully.
[2026-06-11 11:03:32,516][src.utils.utils][INFO] - [rank: 0] Enforcing tags! <cfg.extras.enforce_tags=True>
[2026-06-11 11:03:32,544][src.utils.utils][INFO] - [rank: 0] Printing config tree with Rich! <cfg.extras.print_config=True>
[2026-06-11 11:03:32,823][src.utils.restart_job][INFO] - [rank: 0] Using metadata dir: /projects/prjs2120/groups/group_08/results/tiger/sports_rkmeans/metadata
[2026-06-11 11:03:32,824][src.utils.restart_job][INFO] - [rank: 0] Starting job (attempt 1/4): /home/scur1256/.conda/envs/grid/bin/python /gpfs/home4/scur1256/GRID/src/train.py experiment=tiger_train_flat_dec_only data_dir=/projects/prjs2120/groups/group_08/data/amazon_data/sports semantic_id_path=/projects/prjs2120/groups/group_08/results/sid_rkmeans/sports/rkmeans_inference/pickle/merged_predictions_tensor.pt num_hierarchies=4 hydra.run.dir=/projects/prjs2120/groups/group_08/results/tiger/sports_rkmeans ++should_skip_retry=True
[2026-06-11 11:03:40,640][src.utils.utils][INFO] - [rank: 0] Enforcing tags! <cfg.extras.enforce_tags=True>
[2026-06-11 11:03:40,646][src.utils.utils][INFO] - [rank: 0] Printing config tree with Rich! <cfg.extras.print_config=True>
[2026-06-11 11:03:40,918][src.utils.restart_job][INFO] - [rank: 0] should_skip_retry set to True. Skipping retry logic.
[2026-06-11 11:03:40,928][src.utils.launcher_utils][INFO] - [rank: 0] Instantiating datamodule <src.data.loading.datamodules.sequence_datamodule.SequenceDataModule>
[2026-06-11 11:03:41,226][src.utils.launcher_utils][INFO] - [rank: 0] Instantiating model <src.models.modules.semantic_id.tiger_generation_model.SemanticIDDecoderOnly>
[2026-06-11 11:03:47,839][src.utils.restart_job][ERROR] - [rank: 0] Job failed with return code 1
[2026-06-11 11:03:47,839][src.utils.restart_job_utils][INFO] - [rank: 0] Trying to load metadata from /projects/prjs2120/groups/group_08/results/tiger/sports_rkmeans/metadata/restart_metadata.json
[2026-06-11 11:03:47,884][src.utils.restart_job_utils][INFO] - [rank: 0] Metadata loaded successfully from /projects/prjs2120/groups/group_08/results/tiger/sports_rkmeans/metadata/restart_metadata.json
[2026-06-11 11:03:47,884][src.utils.restart_job_utils][INFO] - [rank: 0] Retrieved current_run: 0 from metadata /projects/prjs2120/groups/group_08/results/tiger/sports_rkmeans/metadata/restart_metadata.json
[2026-06-11 11:03:47,884][src.utils.restart_job][ERROR] - [rank: 0] Metadata run count 0 does not match current run count 1.This can happen if the exception does not trigger the callback on_exception. Cleaning up andupdating metadata before retrying.
[2026-06-11 11:03:47,900][src.utils.restart_job_utils][INFO] - [rank: 0] Clearing CUDA cache
[2026-06-11 11:03:47,900][src.utils.restart_job_utils][INFO] - [rank: 0] Trying to load metadata from /projects/prjs2120/groups/group_08/results/tiger/sports_rkmeans/metadata/restart_metadata.json
[2026-06-11 11:03:47,901][src.utils.restart_job_utils][INFO] - [rank: 0] Metadata loaded successfully from /projects/prjs2120/groups/group_08/results/tiger/sports_rkmeans/metadata/restart_metadata.json
[2026-06-11 11:03:47,901][src.utils.restart_job_utils][INFO] - [rank: 0] Saving metadata to /projects/prjs2120/groups/group_08/results/tiger/sports_rkmeans/metadata/restart_metadata.json. {'start_time': '2026-06-10T17:54:16.306267', 'restarts': [], 'current_run': 1, 'used_ports': ['60229'], 'world_size': 1, 'node_rank': 0, 'master_addr': '127.0.0.1', 'original_args': ['/gpfs/home6/scur1219/GRID/src/train.py', 'experiment=tiger_train_flat', 'data_dir=/projects/prjs2120/groups/group_08/data/amazon_data/sports', 'semantic_id_path=/projects/prjs2120/groups/group_08/results/sid_rkmeans/sports/rkmeans_inference/pickle/merged_predictions_tensor.pt', 'num_hierarchies=4', 'hydra.run.dir=/projects/prjs2120/groups/group_08/results/tiger/sports_rkmeans', '++should_skip_retry=True']}
[2026-06-11 11:03:47,901][src.utils.restart_job][INFO] - [rank: 0] Retrying in 5 seconds. Attempt 2/4
[2026-06-11 11:03:52,907][src.utils.restart_job][INFO] - [rank: 0] Starting job (attempt 2/4): /home/scur1256/.conda/envs/grid/bin/python /gpfs/home4/scur1256/GRID/src/train.py experiment=tiger_train_flat_dec_only data_dir=/projects/prjs2120/groups/group_08/data/amazon_data/sports semantic_id_path=/projects/prjs2120/groups/group_08/results/sid_rkmeans/sports/rkmeans_inference/pickle/merged_predictions_tensor.pt num_hierarchies=4 hydra.run.dir=/projects/prjs2120/groups/group_08/results/tiger/sports_rkmeans ++should_skip_retry=True
[2026-06-11 11:04:00,632][src.utils.utils][INFO] - [rank: 0] Enforcing tags! <cfg.extras.enforce_tags=True>
[2026-06-11 11:04:00,637][src.utils.utils][INFO] - [rank: 0] Printing config tree with Rich! <cfg.extras.print_config=True>
[2026-06-11 11:04:00,910][src.utils.restart_job][INFO] - [rank: 0] should_skip_retry set to True. Skipping retry logic.
[2026-06-11 11:04:00,913][src.utils.launcher_utils][INFO] - [rank: 0] Instantiating datamodule <src.data.loading.datamodules.sequence_datamodule.SequenceDataModule>
[2026-06-11 11:04:00,973][src.utils.launcher_utils][INFO] - [rank: 0] Instantiating model <src.models.modules.semantic_id.tiger_generation_model.SemanticIDDecoderOnly>
[2026-06-11 11:04:02,918][src.utils.restart_job][ERROR] - [rank: 0] Job failed with return code 1
[2026-06-11 11:04:02,918][src.utils.restart_job_utils][INFO] - [rank: 0] Trying to load metadata from /projects/prjs2120/groups/group_08/results/tiger/sports_rkmeans/metadata/restart_metadata.json
[2026-06-11 11:04:02,918][src.utils.restart_job_utils][INFO] - [rank: 0] Metadata loaded successfully from /projects/prjs2120/groups/group_08/results/tiger/sports_rkmeans/metadata/restart_metadata.json
[2026-06-11 11:04:02,919][src.utils.restart_job_utils][INFO] - [rank: 0] Retrieved current_run: 1 from metadata /projects/prjs2120/groups/group_08/results/tiger/sports_rkmeans/metadata/restart_metadata.json
[2026-06-11 11:04:02,919][src.utils.restart_job][ERROR] - [rank: 0] Metadata run count 1 does not match current run count 2.This can happen if the exception does not trigger the callback on_exception. Cleaning up andupdating metadata before retrying.
[2026-06-11 11:04:02,919][src.utils.restart_job_utils][INFO] - [rank: 0] Clearing CUDA cache
[2026-06-11 11:04:02,919][src.utils.restart_job_utils][INFO] - [rank: 0] Trying to load metadata from /projects/prjs2120/groups/group_08/results/tiger/sports_rkmeans/metadata/restart_metadata.json
[2026-06-11 11:04:02,920][src.utils.restart_job_utils][INFO] - [rank: 0] Metadata loaded successfully from /projects/prjs2120/groups/group_08/results/tiger/sports_rkmeans/metadata/restart_metadata.json
[2026-06-11 11:04:02,920][src.utils.restart_job_utils][INFO] - [rank: 0] Saving metadata to /projects/prjs2120/groups/group_08/results/tiger/sports_rkmeans/metadata/restart_metadata.json. {'start_time': '2026-06-10T17:54:16.306267', 'restarts': [], 'current_run': 2, 'used_ports': ['60229'], 'world_size': 1, 'node_rank': 0, 'master_addr': '127.0.0.1', 'original_args': ['/gpfs/home6/scur1219/GRID/src/train.py', 'experiment=tiger_train_flat', 'data_dir=/projects/prjs2120/groups/group_08/data/amazon_data/sports', 'semantic_id_path=/projects/prjs2120/groups/group_08/results/sid_rkmeans/sports/rkmeans_inference/pickle/merged_predictions_tensor.pt', 'num_hierarchies=4', 'hydra.run.dir=/projects/prjs2120/groups/group_08/results/tiger/sports_rkmeans', '++should_skip_retry=True']}
[2026-06-11 11:04:02,920][src.utils.restart_job][INFO] - [rank: 0] Retrying in 5 seconds. Attempt 3/4
[2026-06-11 11:04:07,925][src.utils.restart_job][INFO] - [rank: 0] Starting job (attempt 3/4): /home/scur1256/.conda/envs/grid/bin/python /gpfs/home4/scur1256/GRID/src/train.py experiment=tiger_train_flat_dec_only data_dir=/projects/prjs2120/groups/group_08/data/amazon_data/sports semantic_id_path=/projects/prjs2120/groups/group_08/results/sid_rkmeans/sports/rkmeans_inference/pickle/merged_predictions_tensor.pt num_hierarchies=4 hydra.run.dir=/projects/prjs2120/groups/group_08/results/tiger/sports_rkmeans ++should_skip_retry=True
[2026-06-11 11:04:15,545][src.utils.utils][INFO] - [rank: 0] Enforcing tags! <cfg.extras.enforce_tags=True>
[2026-06-11 11:04:15,550][src.utils.utils][INFO] - [rank: 0] Printing config tree with Rich! <cfg.extras.print_config=True>
[2026-06-11 11:04:15,824][src.utils.restart_job][INFO] - [rank: 0] should_skip_retry set to True. Skipping retry logic.
[2026-06-11 11:04:15,830][src.utils.launcher_utils][INFO] - [rank: 0] Instantiating datamodule <src.data.loading.datamodules.sequence_datamodule.SequenceDataModule>
[2026-06-11 11:04:15,889][src.utils.launcher_utils][INFO] - [rank: 0] Instantiating model <src.models.modules.semantic_id.tiger_generation_model.SemanticIDDecoderOnly>
[2026-06-11 11:04:17,936][src.utils.restart_job][ERROR] - [rank: 0] Job failed with return code 1
[2026-06-11 11:04:17,937][src.utils.restart_job_utils][INFO] - [rank: 0] Trying to load metadata from /projects/prjs2120/groups/group_08/results/tiger/sports_rkmeans/metadata/restart_metadata.json
[2026-06-11 11:04:17,937][src.utils.restart_job_utils][INFO] - [rank: 0] Metadata loaded successfully from /projects/prjs2120/groups/group_08/results/tiger/sports_rkmeans/metadata/restart_metadata.json
[2026-06-11 11:04:17,937][src.utils.restart_job_utils][INFO] - [rank: 0] Retrieved current_run: 2 from metadata /projects/prjs2120/groups/group_08/results/tiger/sports_rkmeans/metadata/restart_metadata.json
[2026-06-11 11:04:17,937][src.utils.restart_job][ERROR] - [rank: 0] Metadata run count 2 does not match current run count 3.This can happen if the exception does not trigger the callback on_exception. Cleaning up andupdating metadata before retrying.
[2026-06-11 11:04:17,938][src.utils.restart_job_utils][INFO] - [rank: 0] Clearing CUDA cache
[2026-06-11 11:04:17,938][src.utils.restart_job_utils][INFO] - [rank: 0] Trying to load metadata from /projects/prjs2120/groups/group_08/results/tiger/sports_rkmeans/metadata/restart_metadata.json
[2026-06-11 11:04:17,938][src.utils.restart_job_utils][INFO] - [rank: 0] Metadata loaded successfully from /projects/prjs2120/groups/group_08/results/tiger/sports_rkmeans/metadata/restart_metadata.json
[2026-06-11 11:04:17,938][src.utils.restart_job_utils][INFO] - [rank: 0] Saving metadata to /projects/prjs2120/groups/group_08/results/tiger/sports_rkmeans/metadata/restart_metadata.json. {'start_time': '2026-06-10T17:54:16.306267', 'restarts': [], 'current_run': 3, 'used_ports': ['60229'], 'world_size': 1, 'node_rank': 0, 'master_addr': '127.0.0.1', 'original_args': ['/gpfs/home6/scur1219/GRID/src/train.py', 'experiment=tiger_train_flat', 'data_dir=/projects/prjs2120/groups/group_08/data/amazon_data/sports', 'semantic_id_path=/projects/prjs2120/groups/group_08/results/sid_rkmeans/sports/rkmeans_inference/pickle/merged_predictions_tensor.pt', 'num_hierarchies=4', 'hydra.run.dir=/projects/prjs2120/groups/group_08/results/tiger/sports_rkmeans', '++should_skip_retry=True']}
[2026-06-11 11:04:17,941][src.utils.restart_job][INFO] - [rank: 0] Retrying in 5 seconds. Attempt 4/4
[2026-06-11 11:04:22,947][src.utils.restart_job][INFO] - [rank: 0] Starting job (attempt 4/4): /home/scur1256/.conda/envs/grid/bin/python /gpfs/home4/scur1256/GRID/src/train.py experiment=tiger_train_flat_dec_only data_dir=/projects/prjs2120/groups/group_08/data/amazon_data/sports semantic_id_path=/projects/prjs2120/groups/group_08/results/sid_rkmeans/sports/rkmeans_inference/pickle/merged_predictions_tensor.pt num_hierarchies=4 hydra.run.dir=/projects/prjs2120/groups/group_08/results/tiger/sports_rkmeans ++should_skip_retry=True
[2026-06-11 11:04:30,730][src.utils.utils][INFO] - [rank: 0] Enforcing tags! <cfg.extras.enforce_tags=True>
[2026-06-11 11:04:30,735][src.utils.utils][INFO] - [rank: 0] Printing config tree with Rich! <cfg.extras.print_config=True>
[2026-06-11 11:04:31,009][src.utils.restart_job][INFO] - [rank: 0] should_skip_retry set to True. Skipping retry logic.
[2026-06-11 11:04:31,012][src.utils.launcher_utils][INFO] - [rank: 0] Instantiating datamodule <src.data.loading.datamodules.sequence_datamodule.SequenceDataModule>
[2026-06-11 11:04:31,073][src.utils.launcher_utils][INFO] - [rank: 0] Instantiating model <src.models.modules.semantic_id.tiger_generation_model.SemanticIDDecoderOnly>
[2026-06-11 11:04:32,958][src.utils.restart_job][ERROR] - [rank: 0] Job failed with return code 1
[2026-06-11 11:04:32,958][src.utils.restart_job_utils][INFO] - [rank: 0] Trying to load metadata from /projects/prjs2120/groups/group_08/results/tiger/sports_rkmeans/metadata/restart_metadata.json
[2026-06-11 11:04:32,958][src.utils.restart_job_utils][INFO] - [rank: 0] Metadata loaded successfully from /projects/prjs2120/groups/group_08/results/tiger/sports_rkmeans/metadata/restart_metadata.json
[2026-06-11 11:04:32,959][src.utils.restart_job_utils][INFO] - [rank: 0] Retrieved current_run: 3 from metadata /projects/prjs2120/groups/group_08/results/tiger/sports_rkmeans/metadata/restart_metadata.json
[2026-06-11 11:04:32,959][src.utils.restart_job][ERROR] - [rank: 0] Metadata run count 3 does not match current run count 4.This can happen if the exception does not trigger the callback on_exception. Cleaning up andupdating metadata before retrying.
[2026-06-11 11:04:32,959][src.utils.restart_job_utils][INFO] - [rank: 0] Clearing CUDA cache
[2026-06-11 11:04:32,959][src.utils.restart_job_utils][INFO] - [rank: 0] Trying to load metadata from /projects/prjs2120/groups/group_08/results/tiger/sports_rkmeans/metadata/restart_metadata.json
[2026-06-11 11:04:32,959][src.utils.restart_job_utils][INFO] - [rank: 0] Metadata loaded successfully from /projects/prjs2120/groups/group_08/results/tiger/sports_rkmeans/metadata/restart_metadata.json
[2026-06-11 11:04:32,960][src.utils.restart_job_utils][INFO] - [rank: 0] Saving metadata to /projects/prjs2120/groups/group_08/results/tiger/sports_rkmeans/metadata/restart_metadata.json. {'start_time': '2026-06-10T17:54:16.306267', 'restarts': [], 'current_run': 4, 'used_ports': ['60229'], 'world_size': 1, 'node_rank': 0, 'master_addr': '127.0.0.1', 'original_args': ['/gpfs/home6/scur1219/GRID/src/train.py', 'experiment=tiger_train_flat', 'data_dir=/projects/prjs2120/groups/group_08/data/amazon_data/sports', 'semantic_id_path=/projects/prjs2120/groups/group_08/results/sid_rkmeans/sports/rkmeans_inference/pickle/merged_predictions_tensor.pt', 'num_hierarchies=4', 'hydra.run.dir=/projects/prjs2120/groups/group_08/results/tiger/sports_rkmeans', '++should_skip_retry=True']}
[2026-06-11 11:04:32,960][src.utils.restart_job][ERROR] - [rank: 0] Job failed after 3 retries.
