[2026-06-16 11:57:50,782][src.utils.utils][INFO] - [rank: 0] Enforcing tags! <cfg.extras.enforce_tags=True>
[2026-06-16 11:57:50,792][src.utils.utils][INFO] - [rank: 0] Printing config tree with Rich! <cfg.extras.print_config=True>
[2026-06-16 11:57:51,076][src.utils.restart_job][INFO] - [rank: 0] Using metadata dir: /scratch-shared/scur1219/results/tiger/L/toys_rkmeans/metadata
[2026-06-16 11:57:51,077][src.utils.restart_job][INFO] - [rank: 0] Starting job (attempt 1/4): /home/scur1219/.conda/envs/RecSys/bin/python /gpfs/home6/scur1219/GRID/src/train.py experiment=tiger_train_flat data_dir=/projects/prjs2120/groups/group_08/data/amazon_data/toys semantic_id_path=/scratch-shared/scur1219/results/sid_rkmeans/L/toys/rkmeans_inference/pickle/merged_predictions_tensor.pt num_hierarchies=4 hydra.run.dir=/scratch-shared/scur1219/results/tiger/L/toys_rkmeans ++should_skip_retry=True
[2026-06-16 11:57:59,361][src.utils.utils][INFO] - [rank: 0] Enforcing tags! <cfg.extras.enforce_tags=True>
[2026-06-16 11:57:59,367][src.utils.utils][INFO] - [rank: 0] Printing config tree with Rich! <cfg.extras.print_config=True>
[2026-06-16 11:57:59,639][src.utils.restart_job][INFO] - [rank: 0] should_skip_retry set to True. Skipping retry logic.
[2026-06-16 11:57:59,656][src.utils.launcher_utils][INFO] - [rank: 0] Instantiating datamodule <src.data.loading.datamodules.sequence_datamodule.SequenceDataModule>
[2026-06-16 11:57:59,809][src.utils.launcher_utils][INFO] - [rank: 0] Instantiating model <src.models.modules.semantic_id.tiger_generation_model.SemanticIDEncoderDecoder>
[2026-06-16 11:58:00,096][src.utils.launcher_utils][INFO] - [rank: 0] Instantiating callbacks...
[2026-06-16 11:58:00,096][src.utils.instantiators][INFO] - [rank: 0] Instantiating callback <lightning.pytorch.callbacks.ModelCheckpoint>
[2026-06-16 11:58:00,100][src.utils.instantiators][INFO] - [rank: 0] Instantiating callback <lightning.pytorch.callbacks.EarlyStopping>
[2026-06-16 11:58:00,102][src.utils.instantiators][INFO] - [rank: 0] Instantiating callback <lightning.pytorch.callbacks.RichModelSummary>
[2026-06-16 11:58:00,103][src.utils.instantiators][INFO] - [rank: 0] Instantiating callback <src.utils.restart_job.RestartAndLoadCheckpointCallback>
[2026-06-16 11:58:00,105][src.utils.restart_job_utils][INFO] - [rank: 0] Trying to load metadata from /scratch-shared/scur1219/results/tiger/L/toys_rkmeans/metadata/restart_metadata.json
[2026-06-16 11:58:00,106][src.utils.restart_job_utils][WARNING] - [rank: 0] Metadata file not found at /scratch-shared/scur1219/results/tiger/L/toys_rkmeans/metadata/restart_metadata.json. Creating empty metadata.
[2026-06-16 11:58:00,106][src.utils.restart_job_utils][INFO] - [rank: 0] Saving metadata to /scratch-shared/scur1219/results/tiger/L/toys_rkmeans/metadata/restart_metadata.json. {'start_time': '2026-06-16T11:58:00.106169', 'restarts': [], 'current_run': 0, 'used_ports': [], 'world_size': 0, 'node_rank': 0, 'master_addr': '', 'original_args': ['/gpfs/home6/scur1219/GRID/src/train.py', 'experiment=tiger_train_flat', 'data_dir=/projects/prjs2120/groups/group_08/data/amazon_data/toys', 'semantic_id_path=/scratch-shared/scur1219/results/sid_rkmeans/L/toys/rkmeans_inference/pickle/merged_predictions_tensor.pt', 'num_hierarchies=4', 'hydra.run.dir=/scratch-shared/scur1219/results/tiger/L/toys_rkmeans', '++should_skip_retry=True']}
[2026-06-16 11:58:00,107][src.utils.launcher_utils][INFO] - [rank: 0] Instantiating loggers...
[2026-06-16 11:58:00,107][src.utils.instantiators][INFO] - [rank: 0] Instantiating logger <lightning.pytorch.loggers.csv_logs.CSVLogger>
[2026-06-16 11:58:00,109][src.utils.launcher_utils][INFO] - [rank: 0] Instantiating trainer <lightning.pytorch.trainer.Trainer>
[2026-06-16 11:58:00,111][src.utils.restart_job_utils][INFO] - [rank: 0] Trying to load metadata from /scratch-shared/scur1219/results/tiger/L/toys_rkmeans/metadata/restart_metadata.json
[2026-06-16 11:58:00,113][src.utils.restart_job_utils][INFO] - [rank: 0] Metadata loaded successfully from /scratch-shared/scur1219/results/tiger/L/toys_rkmeans/metadata/restart_metadata.json
[2026-06-16 11:58:00,113][src.utils.restart_job_utils][INFO] - [rank: 0] Retrieved current_run: 0 from metadata /scratch-shared/scur1219/results/tiger/L/toys_rkmeans/metadata/restart_metadata.json
[2026-06-16 11:58:00,171][src.utils.launcher_utils][INFO] - [rank: 0] Logging hyperparameters!
[2026-06-16 11:58:01,130][__main__][INFO] - [rank: 0] Starting training!
[2026-06-16 11:58:02,558][src.utils.restart_job_utils][INFO] - [rank: 0] Saving metadata to /scratch-shared/scur1219/results/tiger/L/toys_rkmeans/metadata/restart_metadata.json. {'start_time': '2026-06-16T11:58:00.106169', 'restarts': [], 'current_run': 0, 'used_ports': ['36927'], 'world_size': 1, 'node_rank': 0, 'master_addr': '127.0.0.1', 'original_args': ['/gpfs/home6/scur1219/GRID/src/train.py', 'experiment=tiger_train_flat', 'data_dir=/projects/prjs2120/groups/group_08/data/amazon_data/toys', 'semantic_id_path=/scratch-shared/scur1219/results/sid_rkmeans/L/toys/rkmeans_inference/pickle/merged_predictions_tensor.pt', 'num_hierarchies=4', 'hydra.run.dir=/scratch-shared/scur1219/results/tiger/L/toys_rkmeans', '++should_skip_retry=True']}
[2026-06-16 15:27:48,918][__main__][INFO] - [rank: 0] Starting testing!
[2026-06-16 15:29:38,187][__main__][INFO] - [rank: 0] Best ckpt path: /gpfs/scratch1/shared/scur1219/results/tiger/L/toys_rkmeans/checkpoints/checkpoint_epoch=000_step=003300.ckpt
[2026-06-16 15:29:38,235][__main__][INFO] - [rank: 0] Metrics: {'train/loss': tensor(7.8262), 'train/loss_step': tensor(6.8433), 'val/loss': tensor(9.8689), 'val/ndcg@5': tensor(0.0340), 'val/ndcg@10': tensor(0.0418), 'val/recall@5': tensor(0.0499), 'val/recall@10': tensor(0.0740), 'train/loss_epoch': tensor(7.8262), 'test/loss': tensor(9.9868), 'test/ndcg@5': tensor(0.0256), 'test/ndcg@10': tensor(0.0322), 'test/recall@5': tensor(0.0400), 'test/recall@10': tensor(0.0607)}
[2026-06-16 15:29:48,727][src.utils.restart_job][INFO] - [rank: 0] Job finished successfully.
