[2026-06-10 17:54:19,912][src.utils.utils][INFO] - [rank: 0] Enforcing tags! <cfg.extras.enforce_tags=True>
[2026-06-10 17:54:19,921][src.utils.utils][INFO] - [rank: 0] Printing config tree with Rich! <cfg.extras.print_config=True>
[2026-06-10 17:54:20,206][src.utils.restart_job][INFO] - [rank: 0] Using metadata dir: /projects/prjs2120/groups/group_08/results/tiger/toys_rkmeans/metadata
[2026-06-10 17:54:20,206][src.utils.restart_job][INFO] - [rank: 0] Starting job (attempt 1/4): /home/scur1219/.conda/envs/RecSys/bin/python /gpfs/home6/scur1219/GRID/src/train.py experiment=tiger_train_flat data_dir=/projects/prjs2120/groups/group_08/data/amazon_data/toys semantic_id_path=/projects/prjs2120/groups/group_08/results/sid_rkmeans/toys/rkmeans_inference/pickle/merged_predictions_tensor.pt num_hierarchies=4 hydra.run.dir=/projects/prjs2120/groups/group_08/results/tiger/toys_rkmeans ++should_skip_retry=True
[2026-06-10 17:54:28,398][src.utils.utils][INFO] - [rank: 0] Enforcing tags! <cfg.extras.enforce_tags=True>
[2026-06-10 17:54:28,406][src.utils.utils][INFO] - [rank: 0] Printing config tree with Rich! <cfg.extras.print_config=True>
[2026-06-10 17:54:28,681][src.utils.restart_job][INFO] - [rank: 0] should_skip_retry set to True. Skipping retry logic.
[2026-06-10 17:54:28,710][src.utils.launcher_utils][INFO] - [rank: 0] Instantiating datamodule <src.data.loading.datamodules.sequence_datamodule.SequenceDataModule>
[2026-06-10 17:54:28,947][src.utils.launcher_utils][INFO] - [rank: 0] Instantiating model <src.models.modules.semantic_id.tiger_generation_model.SemanticIDEncoderDecoder>
[2026-06-10 17:54:29,250][src.utils.launcher_utils][INFO] - [rank: 0] Instantiating callbacks...
[2026-06-10 17:54:29,250][src.utils.instantiators][INFO] - [rank: 0] Instantiating callback <lightning.pytorch.callbacks.ModelCheckpoint>
[2026-06-10 17:54:29,255][src.utils.instantiators][INFO] - [rank: 0] Instantiating callback <lightning.pytorch.callbacks.EarlyStopping>
[2026-06-10 17:54:29,257][src.utils.instantiators][INFO] - [rank: 0] Instantiating callback <lightning.pytorch.callbacks.RichModelSummary>
[2026-06-10 17:54:29,258][src.utils.instantiators][INFO] - [rank: 0] Instantiating callback <src.utils.restart_job.RestartAndLoadCheckpointCallback>
[2026-06-10 17:54:29,261][src.utils.restart_job_utils][INFO] - [rank: 0] Trying to load metadata from /projects/prjs2120/groups/group_08/results/tiger/toys_rkmeans/metadata/restart_metadata.json
[2026-06-10 17:54:29,261][src.utils.restart_job_utils][WARNING] - [rank: 0] Metadata file not found at /projects/prjs2120/groups/group_08/results/tiger/toys_rkmeans/metadata/restart_metadata.json. Creating empty metadata.
[2026-06-10 17:54:29,262][src.utils.restart_job_utils][INFO] - [rank: 0] Saving metadata to /projects/prjs2120/groups/group_08/results/tiger/toys_rkmeans/metadata/restart_metadata.json. {'start_time': '2026-06-10T17:54:29.262053', 'restarts': [], 'current_run': 0, 'used_ports': [], 'world_size': 0, 'node_rank': 0, 'master_addr': '', 'original_args': ['/gpfs/home6/scur1219/GRID/src/train.py', 'experiment=tiger_train_flat', 'data_dir=/projects/prjs2120/groups/group_08/data/amazon_data/toys', 'semantic_id_path=/projects/prjs2120/groups/group_08/results/sid_rkmeans/toys/rkmeans_inference/pickle/merged_predictions_tensor.pt', 'num_hierarchies=4', 'hydra.run.dir=/projects/prjs2120/groups/group_08/results/tiger/toys_rkmeans', '++should_skip_retry=True']}
[2026-06-10 17:54:29,263][src.utils.launcher_utils][INFO] - [rank: 0] Instantiating loggers...
[2026-06-10 17:54:29,264][src.utils.instantiators][INFO] - [rank: 0] Instantiating logger <lightning.pytorch.loggers.csv_logs.CSVLogger>
[2026-06-10 17:54:29,266][src.utils.launcher_utils][INFO] - [rank: 0] Instantiating trainer <lightning.pytorch.trainer.Trainer>
[2026-06-10 17:54:29,268][src.utils.restart_job_utils][INFO] - [rank: 0] Trying to load metadata from /projects/prjs2120/groups/group_08/results/tiger/toys_rkmeans/metadata/restart_metadata.json
[2026-06-10 17:54:29,271][src.utils.restart_job_utils][INFO] - [rank: 0] Metadata loaded successfully from /projects/prjs2120/groups/group_08/results/tiger/toys_rkmeans/metadata/restart_metadata.json
[2026-06-10 17:54:29,271][src.utils.restart_job_utils][INFO] - [rank: 0] Retrieved current_run: 0 from metadata /projects/prjs2120/groups/group_08/results/tiger/toys_rkmeans/metadata/restart_metadata.json
[2026-06-10 17:54:29,328][src.utils.launcher_utils][INFO] - [rank: 0] Logging hyperparameters!
[2026-06-10 17:54:30,476][__main__][INFO] - [rank: 0] Starting training!
[2026-06-10 17:54:32,696][src.utils.restart_job_utils][INFO] - [rank: 0] Saving metadata to /projects/prjs2120/groups/group_08/results/tiger/toys_rkmeans/metadata/restart_metadata.json. {'start_time': '2026-06-10T17:54:29.262053', 'restarts': [], 'current_run': 0, 'used_ports': ['48187'], 'world_size': 1, 'node_rank': 0, 'master_addr': '127.0.0.1', 'original_args': ['/gpfs/home6/scur1219/GRID/src/train.py', 'experiment=tiger_train_flat', 'data_dir=/projects/prjs2120/groups/group_08/data/amazon_data/toys', 'semantic_id_path=/projects/prjs2120/groups/group_08/results/sid_rkmeans/toys/rkmeans_inference/pickle/merged_predictions_tensor.pt', 'num_hierarchies=4', 'hydra.run.dir=/projects/prjs2120/groups/group_08/results/tiger/toys_rkmeans', '++should_skip_retry=True']}
[2026-06-10 21:00:04,420][__main__][INFO] - [rank: 0] Starting testing!
[2026-06-10 21:01:53,743][__main__][INFO] - [rank: 0] Best ckpt path: /gpfs/work5/0/prjs2120/groups/group_08/results/tiger/toys_rkmeans/checkpoints/checkpoint_epoch=000_step=002800.ckpt
[2026-06-10 21:01:53,791][__main__][INFO] - [rank: 0] Metrics: {'train/loss': tensor(7.9583), 'train/loss_step': tensor(6.7817), 'val/loss': tensor(9.4167), 'val/ndcg@5': tensor(0.0345), 'val/ndcg@10': tensor(0.0423), 'val/recall@5': tensor(0.0525), 'val/recall@10': tensor(0.0769), 'train/loss_epoch': tensor(7.9583), 'test/loss': tensor(9.6428), 'test/ndcg@5': tensor(0.0265), 'test/ndcg@10': tensor(0.0329), 'test/recall@5': tensor(0.0410), 'test/recall@10': tensor(0.0605)}
[2026-06-10 21:02:06,365][src.utils.restart_job][INFO] - [rank: 0] Job finished successfully.
