[2026-06-11 20:25:56,742][src.utils.utils][INFO] - [rank: 0] Enforcing tags! <cfg.extras.enforce_tags=True>
[2026-06-11 20:25:56,748][src.utils.utils][INFO] - [rank: 0] Printing config tree with Rich! <cfg.extras.print_config=True>
[2026-06-11 20:25:57,027][src.utils.restart_job][INFO] - [rank: 0] Using metadata dir: /projects/prjs2120/groups/group_08/results/tiger_rvq/toys/metadata
[2026-06-11 20:25:57,027][src.utils.restart_job][INFO] - [rank: 0] Starting job (attempt 1/4): /home/scur1224/.conda/envs/RecSys/bin/python /gpfs/home1/scur1224/GRID/src/train.py experiment=tiger_train_flat data_dir=/projects/prjs2120/groups/group_08/data/amazon_data/toys semantic_id_path=/projects/prjs2120/groups/group_08/results/sid_rvq/toys/rvq_inference/pickle/merged_predictions_tensor.pt num_hierarchies=4 hydra.run.dir=/projects/prjs2120/groups/group_08/results/tiger_rvq/toys ++should_skip_retry=True
[2026-06-11 20:26:05,152][src.utils.utils][INFO] - [rank: 0] Enforcing tags! <cfg.extras.enforce_tags=True>
[2026-06-11 20:26:05,158][src.utils.utils][INFO] - [rank: 0] Printing config tree with Rich! <cfg.extras.print_config=True>
[2026-06-11 20:26:05,437][src.utils.restart_job][INFO] - [rank: 0] should_skip_retry set to True. Skipping retry logic.
[2026-06-11 20:26:05,440][src.utils.launcher_utils][INFO] - [rank: 0] Instantiating datamodule <src.data.loading.datamodules.sequence_datamodule.SequenceDataModule>
[2026-06-11 20:26:05,559][src.utils.launcher_utils][INFO] - [rank: 0] Instantiating model <src.models.modules.semantic_id.tiger_generation_model.SemanticIDEncoderDecoder>
[2026-06-11 20:26:05,811][src.utils.launcher_utils][INFO] - [rank: 0] Instantiating callbacks...
[2026-06-11 20:26:05,812][src.utils.instantiators][INFO] - [rank: 0] Instantiating callback <lightning.pytorch.callbacks.ModelCheckpoint>
[2026-06-11 20:26:05,816][src.utils.instantiators][INFO] - [rank: 0] Instantiating callback <lightning.pytorch.callbacks.EarlyStopping>
[2026-06-11 20:26:05,818][src.utils.instantiators][INFO] - [rank: 0] Instantiating callback <lightning.pytorch.callbacks.RichModelSummary>
[2026-06-11 20:26:05,819][src.utils.instantiators][INFO] - [rank: 0] Instantiating callback <src.utils.restart_job.RestartAndLoadCheckpointCallback>
[2026-06-11 20:26:05,821][src.utils.restart_job_utils][INFO] - [rank: 0] Trying to load metadata from /projects/prjs2120/groups/group_08/results/tiger_rvq/toys/metadata/restart_metadata.json
[2026-06-11 20:26:05,821][src.utils.restart_job_utils][WARNING] - [rank: 0] Metadata file not found at /projects/prjs2120/groups/group_08/results/tiger_rvq/toys/metadata/restart_metadata.json. Creating empty metadata.
[2026-06-11 20:26:05,821][src.utils.restart_job_utils][INFO] - [rank: 0] Saving metadata to /projects/prjs2120/groups/group_08/results/tiger_rvq/toys/metadata/restart_metadata.json. {'start_time': '2026-06-11T20:26:05.821835', 'restarts': [], 'current_run': 0, 'used_ports': [], 'world_size': 0, 'node_rank': 0, 'master_addr': '', 'original_args': ['/gpfs/home1/scur1224/GRID/src/train.py', 'experiment=tiger_train_flat', 'data_dir=/projects/prjs2120/groups/group_08/data/amazon_data/toys', 'semantic_id_path=/projects/prjs2120/groups/group_08/results/sid_rvq/toys/rvq_inference/pickle/merged_predictions_tensor.pt', 'num_hierarchies=4', 'hydra.run.dir=/projects/prjs2120/groups/group_08/results/tiger_rvq/toys', '++should_skip_retry=True']}
[2026-06-11 20:26:05,822][src.utils.launcher_utils][INFO] - [rank: 0] Instantiating loggers...
[2026-06-11 20:26:05,822][src.utils.instantiators][INFO] - [rank: 0] Instantiating logger <lightning.pytorch.loggers.csv_logs.CSVLogger>
[2026-06-11 20:26:05,824][src.utils.launcher_utils][INFO] - [rank: 0] Instantiating trainer <lightning.pytorch.trainer.Trainer>
[2026-06-11 20:26:05,826][src.utils.restart_job_utils][INFO] - [rank: 0] Trying to load metadata from /projects/prjs2120/groups/group_08/results/tiger_rvq/toys/metadata/restart_metadata.json
[2026-06-11 20:26:05,829][src.utils.restart_job_utils][INFO] - [rank: 0] Metadata loaded successfully from /projects/prjs2120/groups/group_08/results/tiger_rvq/toys/metadata/restart_metadata.json
[2026-06-11 20:26:05,829][src.utils.restart_job_utils][INFO] - [rank: 0] Retrieved current_run: 0 from metadata /projects/prjs2120/groups/group_08/results/tiger_rvq/toys/metadata/restart_metadata.json
[2026-06-11 20:26:05,873][src.utils.launcher_utils][INFO] - [rank: 0] Logging hyperparameters!
[2026-06-11 20:26:06,280][__main__][INFO] - [rank: 0] Starting training!
[2026-06-11 20:26:08,404][src.utils.restart_job_utils][INFO] - [rank: 0] Saving metadata to /projects/prjs2120/groups/group_08/results/tiger_rvq/toys/metadata/restart_metadata.json. {'start_time': '2026-06-11T20:26:05.821835', 'restarts': [], 'current_run': 0, 'used_ports': ['50685'], 'world_size': 1, 'node_rank': 0, 'master_addr': '127.0.0.1', 'original_args': ['/gpfs/home1/scur1224/GRID/src/train.py', 'experiment=tiger_train_flat', 'data_dir=/projects/prjs2120/groups/group_08/data/amazon_data/toys', 'semantic_id_path=/projects/prjs2120/groups/group_08/results/sid_rvq/toys/rvq_inference/pickle/merged_predictions_tensor.pt', 'num_hierarchies=4', 'hydra.run.dir=/projects/prjs2120/groups/group_08/results/tiger_rvq/toys', '++should_skip_retry=True']}
[2026-06-12 00:05:30,129][__main__][INFO] - [rank: 0] Starting testing!
[2026-06-12 00:07:22,329][__main__][INFO] - [rank: 0] Best ckpt path: /gpfs/work5/0/prjs2120/groups/group_08/results/tiger_rvq/toys/checkpoints/checkpoint_epoch=000_step=003400.ckpt
[2026-06-12 00:07:22,370][__main__][INFO] - [rank: 0] Metrics: {'train/loss': tensor(7.5438), 'train/loss_step': tensor(7.4783), 'val/loss': tensor(9.5623), 'val/ndcg@5': tensor(0.0331), 'val/ndcg@10': tensor(0.0419), 'val/recall@5': tensor(0.0499), 'val/recall@10': tensor(0.0772), 'train/loss_epoch': tensor(7.5438), 'test/loss': tensor(9.6858), 'test/ndcg@5': tensor(0.0254), 'test/ndcg@10': tensor(0.0323), 'test/recall@5': tensor(0.0406), 'test/recall@10': tensor(0.0620)}
[2026-06-12 00:07:30,121][src.utils.restart_job][INFO] - [rank: 0] Job finished successfully.
