[2026-06-11 20:22:52,148][src.utils.utils][INFO] - [rank: 0] Enforcing tags! <cfg.extras.enforce_tags=True>
[2026-06-11 20:22:52,154][src.utils.utils][INFO] - [rank: 0] Printing config tree with Rich! <cfg.extras.print_config=True>
[2026-06-11 20:22:52,430][src.utils.restart_job][INFO] - [rank: 0] Using metadata dir: /projects/prjs2120/groups/group_08/results/tiger_rqvae/toys/metadata
[2026-06-11 20:22:52,430][src.utils.restart_job][INFO] - [rank: 0] Starting job (attempt 1/4): /home/scur1224/.conda/envs/RecSys/bin/python /gpfs/home1/scur1224/GRID/src/train.py experiment=tiger_train_flat data_dir=/projects/prjs2120/groups/group_08/data/amazon_data/toys semantic_id_path=/projects/prjs2120/groups/group_08/results/sid_rqvae/toys/rqvae_inference/pickle/merged_predictions_tensor.pt num_hierarchies=4 hydra.run.dir=/projects/prjs2120/groups/group_08/results/tiger_rqvae/toys ++should_skip_retry=True
[2026-06-11 20:23:02,690][src.utils.utils][INFO] - [rank: 0] Enforcing tags! <cfg.extras.enforce_tags=True>
[2026-06-11 20:23:02,695][src.utils.utils][INFO] - [rank: 0] Printing config tree with Rich! <cfg.extras.print_config=True>
[2026-06-11 20:23:02,969][src.utils.restart_job][INFO] - [rank: 0] should_skip_retry set to True. Skipping retry logic.
[2026-06-11 20:23:02,974][src.utils.launcher_utils][INFO] - [rank: 0] Instantiating datamodule <src.data.loading.datamodules.sequence_datamodule.SequenceDataModule>
[2026-06-11 20:23:03,242][src.utils.launcher_utils][INFO] - [rank: 0] Instantiating model <src.models.modules.semantic_id.tiger_generation_model.SemanticIDEncoderDecoder>
[2026-06-11 20:23:03,565][src.utils.launcher_utils][INFO] - [rank: 0] Instantiating callbacks...
[2026-06-11 20:23:03,565][src.utils.instantiators][INFO] - [rank: 0] Instantiating callback <lightning.pytorch.callbacks.ModelCheckpoint>
[2026-06-11 20:23:03,571][src.utils.instantiators][INFO] - [rank: 0] Instantiating callback <lightning.pytorch.callbacks.EarlyStopping>
[2026-06-11 20:23:03,573][src.utils.instantiators][INFO] - [rank: 0] Instantiating callback <lightning.pytorch.callbacks.RichModelSummary>
[2026-06-11 20:23:03,574][src.utils.instantiators][INFO] - [rank: 0] Instantiating callback <src.utils.restart_job.RestartAndLoadCheckpointCallback>
[2026-06-11 20:23:03,577][src.utils.restart_job_utils][INFO] - [rank: 0] Trying to load metadata from /projects/prjs2120/groups/group_08/results/tiger_rqvae/toys/metadata/restart_metadata.json
[2026-06-11 20:23:03,578][src.utils.restart_job_utils][WARNING] - [rank: 0] Metadata file not found at /projects/prjs2120/groups/group_08/results/tiger_rqvae/toys/metadata/restart_metadata.json. Creating empty metadata.
[2026-06-11 20:23:03,578][src.utils.restart_job_utils][INFO] - [rank: 0] Saving metadata to /projects/prjs2120/groups/group_08/results/tiger_rqvae/toys/metadata/restart_metadata.json. {'start_time': '2026-06-11T20:23:03.578238', 'restarts': [], 'current_run': 0, 'used_ports': [], 'world_size': 0, 'node_rank': 0, 'master_addr': '', 'original_args': ['/gpfs/home1/scur1224/GRID/src/train.py', 'experiment=tiger_train_flat', 'data_dir=/projects/prjs2120/groups/group_08/data/amazon_data/toys', 'semantic_id_path=/projects/prjs2120/groups/group_08/results/sid_rqvae/toys/rqvae_inference/pickle/merged_predictions_tensor.pt', 'num_hierarchies=4', 'hydra.run.dir=/projects/prjs2120/groups/group_08/results/tiger_rqvae/toys', '++should_skip_retry=True']}
[2026-06-11 20:23:03,580][src.utils.launcher_utils][INFO] - [rank: 0] Instantiating loggers...
[2026-06-11 20:23:03,580][src.utils.instantiators][INFO] - [rank: 0] Instantiating logger <lightning.pytorch.loggers.csv_logs.CSVLogger>
[2026-06-11 20:23:03,582][src.utils.launcher_utils][INFO] - [rank: 0] Instantiating trainer <lightning.pytorch.trainer.Trainer>
[2026-06-11 20:23:03,583][src.utils.restart_job_utils][INFO] - [rank: 0] Trying to load metadata from /projects/prjs2120/groups/group_08/results/tiger_rqvae/toys/metadata/restart_metadata.json
[2026-06-11 20:23:03,586][src.utils.restart_job_utils][INFO] - [rank: 0] Metadata loaded successfully from /projects/prjs2120/groups/group_08/results/tiger_rqvae/toys/metadata/restart_metadata.json
[2026-06-11 20:23:03,586][src.utils.restart_job_utils][INFO] - [rank: 0] Retrieved current_run: 0 from metadata /projects/prjs2120/groups/group_08/results/tiger_rqvae/toys/metadata/restart_metadata.json
[2026-06-11 20:23:03,655][src.utils.launcher_utils][INFO] - [rank: 0] Logging hyperparameters!
[2026-06-11 20:23:03,870][__main__][INFO] - [rank: 0] Starting training!
[2026-06-11 20:23:05,644][src.utils.restart_job_utils][INFO] - [rank: 0] Saving metadata to /projects/prjs2120/groups/group_08/results/tiger_rqvae/toys/metadata/restart_metadata.json. {'start_time': '2026-06-11T20:23:03.578238', 'restarts': [], 'current_run': 0, 'used_ports': ['44957'], 'world_size': 1, 'node_rank': 0, 'master_addr': '127.0.0.1', 'original_args': ['/gpfs/home1/scur1224/GRID/src/train.py', 'experiment=tiger_train_flat', 'data_dir=/projects/prjs2120/groups/group_08/data/amazon_data/toys', 'semantic_id_path=/projects/prjs2120/groups/group_08/results/sid_rqvae/toys/rqvae_inference/pickle/merged_predictions_tensor.pt', 'num_hierarchies=4', 'hydra.run.dir=/projects/prjs2120/groups/group_08/results/tiger_rqvae/toys', '++should_skip_retry=True']}
[2026-06-12 01:07:45,985][__main__][INFO] - [rank: 0] Starting testing!
[2026-06-12 01:09:36,203][__main__][INFO] - [rank: 0] Best ckpt path: /gpfs/work5/0/prjs2120/groups/group_08/results/tiger_rqvae/toys/checkpoints/checkpoint_epoch=000_step=004800.ckpt
[2026-06-12 01:09:36,244][__main__][INFO] - [rank: 0] Metrics: {'train/loss': tensor(7.4512), 'train/loss_step': tensor(6.7446), 'val/loss': tensor(10.1931), 'val/ndcg@5': tensor(0.0324), 'val/ndcg@10': tensor(0.0388), 'val/recall@5': tensor(0.0461), 'val/recall@10': tensor(0.0660), 'train/loss_epoch': tensor(7.4512), 'test/loss': tensor(10.5680), 'test/ndcg@5': tensor(0.0237), 'test/ndcg@10': tensor(0.0294), 'test/recall@5': tensor(0.0351), 'test/recall@10': tensor(0.0528)}
[2026-06-12 01:09:44,491][src.utils.restart_job][INFO] - [rank: 0] Job finished successfully.
