[2026-06-11 20:24:56,866][src.utils.utils][INFO] - [rank: 0] Enforcing tags! <cfg.extras.enforce_tags=True>
[2026-06-11 20:24:56,871][src.utils.utils][INFO] - [rank: 0] Printing config tree with Rich! <cfg.extras.print_config=True>
[2026-06-11 20:24:57,151][src.utils.restart_job][INFO] - [rank: 0] Using metadata dir: /projects/prjs2120/groups/group_08/results/tiger_rvq/beauty/metadata
[2026-06-11 20:24:57,151][src.utils.restart_job][INFO] - [rank: 0] Starting job (attempt 1/4): /home/scur1224/.conda/envs/RecSys/bin/python /gpfs/home1/scur1224/GRID/src/train.py experiment=tiger_train_flat data_dir=/projects/prjs2120/groups/group_08/data/amazon_data/beauty semantic_id_path=/projects/prjs2120/groups/group_08/results/sid_rvq/beauty/rvq_inference/pickle/merged_predictions_tensor.pt num_hierarchies=4 hydra.run.dir=/projects/prjs2120/groups/group_08/results/tiger_rvq/beauty ++should_skip_retry=True
[2026-06-11 20:25:04,726][src.utils.utils][INFO] - [rank: 0] Enforcing tags! <cfg.extras.enforce_tags=True>
[2026-06-11 20:25:04,731][src.utils.utils][INFO] - [rank: 0] Printing config tree with Rich! <cfg.extras.print_config=True>
[2026-06-11 20:25:05,005][src.utils.restart_job][INFO] - [rank: 0] should_skip_retry set to True. Skipping retry logic.
[2026-06-11 20:25:05,017][src.utils.launcher_utils][INFO] - [rank: 0] Instantiating datamodule <src.data.loading.datamodules.sequence_datamodule.SequenceDataModule>
[2026-06-11 20:25:05,109][src.utils.launcher_utils][INFO] - [rank: 0] Instantiating model <src.models.modules.semantic_id.tiger_generation_model.SemanticIDEncoderDecoder>
[2026-06-11 20:25:05,348][src.utils.launcher_utils][INFO] - [rank: 0] Instantiating callbacks...
[2026-06-11 20:25:05,349][src.utils.instantiators][INFO] - [rank: 0] Instantiating callback <lightning.pytorch.callbacks.ModelCheckpoint>
[2026-06-11 20:25:05,352][src.utils.instantiators][INFO] - [rank: 0] Instantiating callback <lightning.pytorch.callbacks.EarlyStopping>
[2026-06-11 20:25:05,354][src.utils.instantiators][INFO] - [rank: 0] Instantiating callback <lightning.pytorch.callbacks.RichModelSummary>
[2026-06-11 20:25:05,355][src.utils.instantiators][INFO] - [rank: 0] Instantiating callback <src.utils.restart_job.RestartAndLoadCheckpointCallback>
[2026-06-11 20:25:05,357][src.utils.restart_job_utils][INFO] - [rank: 0] Trying to load metadata from /projects/prjs2120/groups/group_08/results/tiger_rvq/beauty/metadata/restart_metadata.json
[2026-06-11 20:25:05,357][src.utils.restart_job_utils][WARNING] - [rank: 0] Metadata file not found at /projects/prjs2120/groups/group_08/results/tiger_rvq/beauty/metadata/restart_metadata.json. Creating empty metadata.
[2026-06-11 20:25:05,358][src.utils.restart_job_utils][INFO] - [rank: 0] Saving metadata to /projects/prjs2120/groups/group_08/results/tiger_rvq/beauty/metadata/restart_metadata.json. {'start_time': '2026-06-11T20:25:05.358058', 'restarts': [], 'current_run': 0, 'used_ports': [], 'world_size': 0, 'node_rank': 0, 'master_addr': '', 'original_args': ['/gpfs/home1/scur1224/GRID/src/train.py', 'experiment=tiger_train_flat', 'data_dir=/projects/prjs2120/groups/group_08/data/amazon_data/beauty', 'semantic_id_path=/projects/prjs2120/groups/group_08/results/sid_rvq/beauty/rvq_inference/pickle/merged_predictions_tensor.pt', 'num_hierarchies=4', 'hydra.run.dir=/projects/prjs2120/groups/group_08/results/tiger_rvq/beauty', '++should_skip_retry=True']}
[2026-06-11 20:25:05,461][src.utils.launcher_utils][INFO] - [rank: 0] Instantiating loggers...
[2026-06-11 20:25:05,461][src.utils.instantiators][INFO] - [rank: 0] Instantiating logger <lightning.pytorch.loggers.csv_logs.CSVLogger>
[2026-06-11 20:25:05,463][src.utils.launcher_utils][INFO] - [rank: 0] Instantiating trainer <lightning.pytorch.trainer.Trainer>
[2026-06-11 20:25:05,465][src.utils.restart_job_utils][INFO] - [rank: 0] Trying to load metadata from /projects/prjs2120/groups/group_08/results/tiger_rvq/beauty/metadata/restart_metadata.json
[2026-06-11 20:25:05,467][src.utils.restart_job_utils][INFO] - [rank: 0] Metadata loaded successfully from /projects/prjs2120/groups/group_08/results/tiger_rvq/beauty/metadata/restart_metadata.json
[2026-06-11 20:25:05,467][src.utils.restart_job_utils][INFO] - [rank: 0] Retrieved current_run: 0 from metadata /projects/prjs2120/groups/group_08/results/tiger_rvq/beauty/metadata/restart_metadata.json
[2026-06-11 20:25:05,513][src.utils.launcher_utils][INFO] - [rank: 0] Logging hyperparameters!
[2026-06-11 20:25:05,925][__main__][INFO] - [rank: 0] Starting training!
[2026-06-11 20:25:07,208][src.utils.restart_job_utils][INFO] - [rank: 0] Saving metadata to /projects/prjs2120/groups/group_08/results/tiger_rvq/beauty/metadata/restart_metadata.json. {'start_time': '2026-06-11T20:25:05.358058', 'restarts': [], 'current_run': 0, 'used_ports': ['45701'], 'world_size': 1, 'node_rank': 0, 'master_addr': '127.0.0.1', 'original_args': ['/gpfs/home1/scur1224/GRID/src/train.py', 'experiment=tiger_train_flat', 'data_dir=/projects/prjs2120/groups/group_08/data/amazon_data/beauty', 'semantic_id_path=/projects/prjs2120/groups/group_08/results/sid_rvq/beauty/rvq_inference/pickle/merged_predictions_tensor.pt', 'num_hierarchies=4', 'hydra.run.dir=/projects/prjs2120/groups/group_08/results/tiger_rvq/beauty', '++should_skip_retry=True']}
[2026-06-12 00:44:13,052][__main__][INFO] - [rank: 0] Starting testing!
[2026-06-12 00:46:17,187][__main__][INFO] - [rank: 0] Best ckpt path: /gpfs/work5/0/prjs2120/groups/group_08/results/tiger_rvq/beauty/checkpoints/checkpoint_epoch=000_step=004000.ckpt
[2026-06-12 00:46:17,210][__main__][INFO] - [rank: 0] Metrics: {'train/loss': tensor(7.4354), 'train/loss_step': tensor(6.5528), 'val/loss': tensor(9.1408), 'val/ndcg@5': tensor(0.0361), 'val/ndcg@10': tensor(0.0443), 'val/recall@5': tensor(0.0540), 'val/recall@10': tensor(0.0792), 'train/loss_epoch': tensor(7.4354), 'test/loss': tensor(9.3177), 'test/ndcg@5': tensor(0.0279), 'test/ndcg@10': tensor(0.0344), 'test/recall@5': tensor(0.0423), 'test/recall@10': tensor(0.0624)}
[2026-06-12 00:46:22,695][src.utils.restart_job][INFO] - [rank: 0] Job finished successfully.
