[2026-06-11 20:22:26,630][src.utils.utils][INFO] - [rank: 0] Enforcing tags! <cfg.extras.enforce_tags=True>
[2026-06-11 20:22:26,635][src.utils.utils][INFO] - [rank: 0] Printing config tree with Rich! <cfg.extras.print_config=True>
[2026-06-11 20:22:26,912][src.utils.restart_job][INFO] - [rank: 0] Using metadata dir: /projects/prjs2120/groups/group_08/results/tiger_rqvae/beauty/metadata
[2026-06-11 20:22:26,912][src.utils.restart_job][INFO] - [rank: 0] Starting job (attempt 1/4): /home/scur1224/.conda/envs/RecSys/bin/python /gpfs/home1/scur1224/GRID/src/train.py experiment=tiger_train_flat data_dir=/projects/prjs2120/groups/group_08/data/amazon_data/beauty semantic_id_path=/projects/prjs2120/groups/group_08/results/sid_rqvae/beauty/rqvae_inference/pickle/merged_predictions_tensor.pt num_hierarchies=4 hydra.run.dir=/projects/prjs2120/groups/group_08/results/tiger_rqvae/beauty ++should_skip_retry=True
[2026-06-11 20:22:34,475][src.utils.utils][INFO] - [rank: 0] Enforcing tags! <cfg.extras.enforce_tags=True>
[2026-06-11 20:22:34,481][src.utils.utils][INFO] - [rank: 0] Printing config tree with Rich! <cfg.extras.print_config=True>
[2026-06-11 20:22:34,754][src.utils.restart_job][INFO] - [rank: 0] should_skip_retry set to True. Skipping retry logic.
[2026-06-11 20:22:34,758][src.utils.launcher_utils][INFO] - [rank: 0] Instantiating datamodule <src.data.loading.datamodules.sequence_datamodule.SequenceDataModule>
[2026-06-11 20:22:34,989][src.utils.launcher_utils][INFO] - [rank: 0] Instantiating model <src.models.modules.semantic_id.tiger_generation_model.SemanticIDEncoderDecoder>
[2026-06-11 20:22:44,427][src.utils.launcher_utils][INFO] - [rank: 0] Instantiating callbacks...
[2026-06-11 20:22:44,428][src.utils.instantiators][INFO] - [rank: 0] Instantiating callback <lightning.pytorch.callbacks.ModelCheckpoint>
[2026-06-11 20:22:44,433][src.utils.instantiators][INFO] - [rank: 0] Instantiating callback <lightning.pytorch.callbacks.EarlyStopping>
[2026-06-11 20:22:44,435][src.utils.instantiators][INFO] - [rank: 0] Instantiating callback <lightning.pytorch.callbacks.RichModelSummary>
[2026-06-11 20:22:44,436][src.utils.instantiators][INFO] - [rank: 0] Instantiating callback <src.utils.restart_job.RestartAndLoadCheckpointCallback>
[2026-06-11 20:22:44,438][src.utils.restart_job_utils][INFO] - [rank: 0] Trying to load metadata from /projects/prjs2120/groups/group_08/results/tiger_rqvae/beauty/metadata/restart_metadata.json
[2026-06-11 20:22:44,438][src.utils.restart_job_utils][WARNING] - [rank: 0] Metadata file not found at /projects/prjs2120/groups/group_08/results/tiger_rqvae/beauty/metadata/restart_metadata.json. Creating empty metadata.
[2026-06-11 20:22:44,439][src.utils.restart_job_utils][INFO] - [rank: 0] Saving metadata to /projects/prjs2120/groups/group_08/results/tiger_rqvae/beauty/metadata/restart_metadata.json. {'start_time': '2026-06-11T20:22:44.439099', 'restarts': [], 'current_run': 0, 'used_ports': [], 'world_size': 0, 'node_rank': 0, 'master_addr': '', 'original_args': ['/gpfs/home1/scur1224/GRID/src/train.py', 'experiment=tiger_train_flat', 'data_dir=/projects/prjs2120/groups/group_08/data/amazon_data/beauty', 'semantic_id_path=/projects/prjs2120/groups/group_08/results/sid_rqvae/beauty/rqvae_inference/pickle/merged_predictions_tensor.pt', 'num_hierarchies=4', 'hydra.run.dir=/projects/prjs2120/groups/group_08/results/tiger_rqvae/beauty', '++should_skip_retry=True']}
[2026-06-11 20:22:44,439][src.utils.launcher_utils][INFO] - [rank: 0] Instantiating loggers...
[2026-06-11 20:22:44,440][src.utils.instantiators][INFO] - [rank: 0] Instantiating logger <lightning.pytorch.loggers.csv_logs.CSVLogger>
[2026-06-11 20:22:44,441][src.utils.launcher_utils][INFO] - [rank: 0] Instantiating trainer <lightning.pytorch.trainer.Trainer>
[2026-06-11 20:22:44,443][src.utils.restart_job_utils][INFO] - [rank: 0] Trying to load metadata from /projects/prjs2120/groups/group_08/results/tiger_rqvae/beauty/metadata/restart_metadata.json
[2026-06-11 20:22:44,445][src.utils.restart_job_utils][INFO] - [rank: 0] Metadata loaded successfully from /projects/prjs2120/groups/group_08/results/tiger_rqvae/beauty/metadata/restart_metadata.json
[2026-06-11 20:22:44,445][src.utils.restart_job_utils][INFO] - [rank: 0] Retrieved current_run: 0 from metadata /projects/prjs2120/groups/group_08/results/tiger_rqvae/beauty/metadata/restart_metadata.json
[2026-06-11 20:22:44,489][src.utils.launcher_utils][INFO] - [rank: 0] Logging hyperparameters!
[2026-06-11 20:22:44,691][__main__][INFO] - [rank: 0] Starting training!
[2026-06-11 20:22:46,352][src.utils.restart_job_utils][INFO] - [rank: 0] Saving metadata to /projects/prjs2120/groups/group_08/results/tiger_rqvae/beauty/metadata/restart_metadata.json. {'start_time': '2026-06-11T20:22:44.439099', 'restarts': [], 'current_run': 0, 'used_ports': ['42005'], 'world_size': 1, 'node_rank': 0, 'master_addr': '127.0.0.1', 'original_args': ['/gpfs/home1/scur1224/GRID/src/train.py', 'experiment=tiger_train_flat', 'data_dir=/projects/prjs2120/groups/group_08/data/amazon_data/beauty', 'semantic_id_path=/projects/prjs2120/groups/group_08/results/sid_rqvae/beauty/rqvae_inference/pickle/merged_predictions_tensor.pt', 'num_hierarchies=4', 'hydra.run.dir=/projects/prjs2120/groups/group_08/results/tiger_rqvae/beauty', '++should_skip_retry=True']}
[2026-06-11 23:56:15,539][__main__][INFO] - [rank: 0] Starting testing!
[2026-06-11 23:58:21,811][__main__][INFO] - [rank: 0] Best ckpt path: /gpfs/work5/0/prjs2120/groups/group_08/results/tiger_rqvae/beauty/checkpoints/checkpoint_epoch=000_step=003100.ckpt
[2026-06-11 23:58:21,842][__main__][INFO] - [rank: 0] Metrics: {'train/loss': tensor(8.1279), 'train/loss_step': tensor(8.2031), 'val/loss': tensor(9.0792), 'val/ndcg@5': tensor(0.0352), 'val/ndcg@10': tensor(0.0421), 'val/recall@5': tensor(0.0508), 'val/recall@10': tensor(0.0720), 'train/loss_epoch': tensor(8.1279), 'test/loss': tensor(9.2407), 'test/ndcg@5': tensor(0.0247), 'test/ndcg@10': tensor(0.0310), 'test/recall@5': tensor(0.0380), 'test/recall@10': tensor(0.0578)}
[2026-06-11 23:58:29,538][src.utils.restart_job][INFO] - [rank: 0] Job finished successfully.
