[2026-06-16 11:57:35,632][src.utils.utils][INFO] - [rank: 0] Enforcing tags! <cfg.extras.enforce_tags=True>
[2026-06-16 11:57:35,642][src.utils.utils][INFO] - [rank: 0] Printing config tree with Rich! <cfg.extras.print_config=True>
[2026-06-16 11:57:35,922][src.utils.restart_job][INFO] - [rank: 0] Using metadata dir: /scratch-shared/scur1219/results/tiger/L/sports_rkmeans/metadata
[2026-06-16 11:57:35,922][src.utils.restart_job][INFO] - [rank: 0] Starting job (attempt 1/4): /home/scur1219/.conda/envs/RecSys/bin/python /gpfs/home6/scur1219/GRID/src/train.py experiment=tiger_train_flat data_dir=/projects/prjs2120/groups/group_08/data/amazon_data/sports semantic_id_path=/scratch-shared/scur1219/results/sid_rkmeans/L/sports/rkmeans_inference/pickle/merged_predictions_tensor.pt num_hierarchies=4 hydra.run.dir=/scratch-shared/scur1219/results/tiger/L/sports_rkmeans ++should_skip_retry=True
[2026-06-16 11:57:44,389][src.utils.utils][INFO] - [rank: 0] Enforcing tags! <cfg.extras.enforce_tags=True>
[2026-06-16 11:57:44,394][src.utils.utils][INFO] - [rank: 0] Printing config tree with Rich! <cfg.extras.print_config=True>
[2026-06-16 11:57:44,670][src.utils.restart_job][INFO] - [rank: 0] should_skip_retry set to True. Skipping retry logic.
[2026-06-16 11:57:44,679][src.utils.launcher_utils][INFO] - [rank: 0] Instantiating datamodule <src.data.loading.datamodules.sequence_datamodule.SequenceDataModule>
[2026-06-16 11:57:44,801][src.utils.launcher_utils][INFO] - [rank: 0] Instantiating model <src.models.modules.semantic_id.tiger_generation_model.SemanticIDEncoderDecoder>
[2026-06-16 11:57:45,077][src.utils.launcher_utils][INFO] - [rank: 0] Instantiating callbacks...
[2026-06-16 11:57:45,077][src.utils.instantiators][INFO] - [rank: 0] Instantiating callback <lightning.pytorch.callbacks.ModelCheckpoint>
[2026-06-16 11:57:45,081][src.utils.instantiators][INFO] - [rank: 0] Instantiating callback <lightning.pytorch.callbacks.EarlyStopping>
[2026-06-16 11:57:45,083][src.utils.instantiators][INFO] - [rank: 0] Instantiating callback <lightning.pytorch.callbacks.RichModelSummary>
[2026-06-16 11:57:45,084][src.utils.instantiators][INFO] - [rank: 0] Instantiating callback <src.utils.restart_job.RestartAndLoadCheckpointCallback>
[2026-06-16 11:57:45,086][src.utils.restart_job_utils][INFO] - [rank: 0] Trying to load metadata from /scratch-shared/scur1219/results/tiger/L/sports_rkmeans/metadata/restart_metadata.json
[2026-06-16 11:57:45,086][src.utils.restart_job_utils][WARNING] - [rank: 0] Metadata file not found at /scratch-shared/scur1219/results/tiger/L/sports_rkmeans/metadata/restart_metadata.json. Creating empty metadata.
[2026-06-16 11:57:45,086][src.utils.restart_job_utils][INFO] - [rank: 0] Saving metadata to /scratch-shared/scur1219/results/tiger/L/sports_rkmeans/metadata/restart_metadata.json. {'start_time': '2026-06-16T11:57:45.086844', 'restarts': [], 'current_run': 0, 'used_ports': [], 'world_size': 0, 'node_rank': 0, 'master_addr': '', 'original_args': ['/gpfs/home6/scur1219/GRID/src/train.py', 'experiment=tiger_train_flat', 'data_dir=/projects/prjs2120/groups/group_08/data/amazon_data/sports', 'semantic_id_path=/scratch-shared/scur1219/results/sid_rkmeans/L/sports/rkmeans_inference/pickle/merged_predictions_tensor.pt', 'num_hierarchies=4', 'hydra.run.dir=/scratch-shared/scur1219/results/tiger/L/sports_rkmeans', '++should_skip_retry=True']}
[2026-06-16 11:57:45,087][src.utils.launcher_utils][INFO] - [rank: 0] Instantiating loggers...
[2026-06-16 11:57:45,087][src.utils.instantiators][INFO] - [rank: 0] Instantiating logger <lightning.pytorch.loggers.csv_logs.CSVLogger>
[2026-06-16 11:57:45,089][src.utils.launcher_utils][INFO] - [rank: 0] Instantiating trainer <lightning.pytorch.trainer.Trainer>
[2026-06-16 11:57:45,091][src.utils.restart_job_utils][INFO] - [rank: 0] Trying to load metadata from /scratch-shared/scur1219/results/tiger/L/sports_rkmeans/metadata/restart_metadata.json
[2026-06-16 11:57:45,093][src.utils.restart_job_utils][INFO] - [rank: 0] Metadata loaded successfully from /scratch-shared/scur1219/results/tiger/L/sports_rkmeans/metadata/restart_metadata.json
[2026-06-16 11:57:45,093][src.utils.restart_job_utils][INFO] - [rank: 0] Retrieved current_run: 0 from metadata /scratch-shared/scur1219/results/tiger/L/sports_rkmeans/metadata/restart_metadata.json
[2026-06-16 11:57:45,141][src.utils.launcher_utils][INFO] - [rank: 0] Logging hyperparameters!
[2026-06-16 11:57:45,571][__main__][INFO] - [rank: 0] Starting training!
[2026-06-16 11:57:47,411][src.utils.restart_job_utils][INFO] - [rank: 0] Saving metadata to /scratch-shared/scur1219/results/tiger/L/sports_rkmeans/metadata/restart_metadata.json. {'start_time': '2026-06-16T11:57:45.086844', 'restarts': [], 'current_run': 0, 'used_ports': ['47843'], 'world_size': 1, 'node_rank': 0, 'master_addr': '127.0.0.1', 'original_args': ['/gpfs/home6/scur1219/GRID/src/train.py', 'experiment=tiger_train_flat', 'data_dir=/projects/prjs2120/groups/group_08/data/amazon_data/sports', 'semantic_id_path=/scratch-shared/scur1219/results/sid_rkmeans/L/sports/rkmeans_inference/pickle/merged_predictions_tensor.pt', 'num_hierarchies=4', 'hydra.run.dir=/scratch-shared/scur1219/results/tiger/L/sports_rkmeans', '++should_skip_retry=True']}
[2026-06-16 17:28:49,970][__main__][INFO] - [rank: 0] Starting testing!
[2026-06-16 17:32:11,383][__main__][INFO] - [rank: 0] Best ckpt path: /gpfs/scratch1/shared/scur1219/results/tiger/L/sports_rkmeans/checkpoints/checkpoint_epoch=000_step=004100.ckpt
[2026-06-16 17:32:11,391][__main__][INFO] - [rank: 0] Metrics: {'train/loss': tensor(9.3024), 'train/loss_step': tensor(8.0710), 'val/loss': tensor(9.2528), 'val/ndcg@5': tensor(0.0193), 'val/ndcg@10': tensor(0.0241), 'val/recall@5': tensor(0.0294), 'val/recall@10': tensor(0.0440), 'train/loss_epoch': tensor(9.3024), 'test/loss': tensor(9.5419), 'test/ndcg@5': tensor(0.0147), 'test/ndcg@10': tensor(0.0182), 'test/recall@5': tensor(0.0223), 'test/recall@10': tensor(0.0331)}
[2026-06-16 17:32:15,236][src.utils.restart_job][INFO] - [rank: 0] Job finished successfully.
