[2026-06-11 20:23:20,291][src.utils.utils][INFO] - [rank: 0] Enforcing tags! <cfg.extras.enforce_tags=True>
[2026-06-11 20:23:20,297][src.utils.utils][INFO] - [rank: 0] Printing config tree with Rich! <cfg.extras.print_config=True>
[2026-06-11 20:23:20,578][src.utils.restart_job][INFO] - [rank: 0] Using metadata dir: /projects/prjs2120/groups/group_08/results/tiger_rqvae/sports/metadata
[2026-06-11 20:23:20,578][src.utils.restart_job][INFO] - [rank: 0] Starting job (attempt 1/4): /home/scur1224/.conda/envs/RecSys/bin/python /gpfs/home1/scur1224/GRID/src/train.py experiment=tiger_train_flat data_dir=/projects/prjs2120/groups/group_08/data/amazon_data/sports semantic_id_path=/projects/prjs2120/groups/group_08/results/sid_rqvae/sports/rqvae_inference/pickle/merged_predictions_tensor.pt num_hierarchies=4 hydra.run.dir=/projects/prjs2120/groups/group_08/results/tiger_rqvae/sports ++should_skip_retry=True
[2026-06-11 20:23:29,141][src.utils.utils][INFO] - [rank: 0] Enforcing tags! <cfg.extras.enforce_tags=True>
[2026-06-11 20:23:29,147][src.utils.utils][INFO] - [rank: 0] Printing config tree with Rich! <cfg.extras.print_config=True>
[2026-06-11 20:23:29,423][src.utils.restart_job][INFO] - [rank: 0] should_skip_retry set to True. Skipping retry logic.
[2026-06-11 20:23:29,427][src.utils.launcher_utils][INFO] - [rank: 0] Instantiating datamodule <src.data.loading.datamodules.sequence_datamodule.SequenceDataModule>
[2026-06-11 20:23:29,682][src.utils.launcher_utils][INFO] - [rank: 0] Instantiating model <src.models.modules.semantic_id.tiger_generation_model.SemanticIDEncoderDecoder>
[2026-06-11 20:23:29,900][src.utils.launcher_utils][INFO] - [rank: 0] Instantiating callbacks...
[2026-06-11 20:23:29,900][src.utils.instantiators][INFO] - [rank: 0] Instantiating callback <lightning.pytorch.callbacks.ModelCheckpoint>
[2026-06-11 20:23:29,911][src.utils.instantiators][INFO] - [rank: 0] Instantiating callback <lightning.pytorch.callbacks.EarlyStopping>
[2026-06-11 20:23:29,913][src.utils.instantiators][INFO] - [rank: 0] Instantiating callback <lightning.pytorch.callbacks.RichModelSummary>
[2026-06-11 20:23:29,914][src.utils.instantiators][INFO] - [rank: 0] Instantiating callback <src.utils.restart_job.RestartAndLoadCheckpointCallback>
[2026-06-11 20:23:29,917][src.utils.restart_job_utils][INFO] - [rank: 0] Trying to load metadata from /projects/prjs2120/groups/group_08/results/tiger_rqvae/sports/metadata/restart_metadata.json
[2026-06-11 20:23:29,917][src.utils.restart_job_utils][WARNING] - [rank: 0] Metadata file not found at /projects/prjs2120/groups/group_08/results/tiger_rqvae/sports/metadata/restart_metadata.json. Creating empty metadata.
[2026-06-11 20:23:29,918][src.utils.restart_job_utils][INFO] - [rank: 0] Saving metadata to /projects/prjs2120/groups/group_08/results/tiger_rqvae/sports/metadata/restart_metadata.json. {'start_time': '2026-06-11T20:23:29.918090', 'restarts': [], 'current_run': 0, 'used_ports': [], 'world_size': 0, 'node_rank': 0, 'master_addr': '', 'original_args': ['/gpfs/home1/scur1224/GRID/src/train.py', 'experiment=tiger_train_flat', 'data_dir=/projects/prjs2120/groups/group_08/data/amazon_data/sports', 'semantic_id_path=/projects/prjs2120/groups/group_08/results/sid_rqvae/sports/rqvae_inference/pickle/merged_predictions_tensor.pt', 'num_hierarchies=4', 'hydra.run.dir=/projects/prjs2120/groups/group_08/results/tiger_rqvae/sports', '++should_skip_retry=True']}
[2026-06-11 20:23:29,919][src.utils.launcher_utils][INFO] - [rank: 0] Instantiating loggers...
[2026-06-11 20:23:29,920][src.utils.instantiators][INFO] - [rank: 0] Instantiating logger <lightning.pytorch.loggers.csv_logs.CSVLogger>
[2026-06-11 20:23:29,921][src.utils.launcher_utils][INFO] - [rank: 0] Instantiating trainer <lightning.pytorch.trainer.Trainer>
[2026-06-11 20:23:29,923][src.utils.restart_job_utils][INFO] - [rank: 0] Trying to load metadata from /projects/prjs2120/groups/group_08/results/tiger_rqvae/sports/metadata/restart_metadata.json
[2026-06-11 20:23:29,926][src.utils.restart_job_utils][INFO] - [rank: 0] Metadata loaded successfully from /projects/prjs2120/groups/group_08/results/tiger_rqvae/sports/metadata/restart_metadata.json
[2026-06-11 20:23:29,926][src.utils.restart_job_utils][INFO] - [rank: 0] Retrieved current_run: 0 from metadata /projects/prjs2120/groups/group_08/results/tiger_rqvae/sports/metadata/restart_metadata.json
[2026-06-11 20:23:29,995][src.utils.launcher_utils][INFO] - [rank: 0] Logging hyperparameters!
[2026-06-11 20:23:30,470][__main__][INFO] - [rank: 0] Starting training!
[2026-06-11 20:23:32,548][src.utils.restart_job_utils][INFO] - [rank: 0] Saving metadata to /projects/prjs2120/groups/group_08/results/tiger_rqvae/sports/metadata/restart_metadata.json. {'start_time': '2026-06-11T20:23:29.918090', 'restarts': [], 'current_run': 0, 'used_ports': ['40987'], 'world_size': 1, 'node_rank': 0, 'master_addr': '127.0.0.1', 'original_args': ['/gpfs/home1/scur1224/GRID/src/train.py', 'experiment=tiger_train_flat', 'data_dir=/projects/prjs2120/groups/group_08/data/amazon_data/sports', 'semantic_id_path=/projects/prjs2120/groups/group_08/results/sid_rqvae/sports/rqvae_inference/pickle/merged_predictions_tensor.pt', 'num_hierarchies=4', 'hydra.run.dir=/projects/prjs2120/groups/group_08/results/tiger_rqvae/sports', '++should_skip_retry=True']}
[2026-06-15 11:27:55,200][src.utils.utils][INFO] - [rank: 0] Enforcing tags! <cfg.extras.enforce_tags=True>
[2026-06-15 11:27:55,216][src.utils.utils][INFO] - [rank: 0] Printing config tree with Rich! <cfg.extras.print_config=True>
[2026-06-15 11:27:55,502][src.utils.restart_job][INFO] - [rank: 0] Using metadata dir: /projects/prjs2120/groups/group_08/results/tiger_rqvae/sports/metadata
[2026-06-15 11:27:55,502][src.utils.restart_job][INFO] - [rank: 0] Starting job (attempt 1/4): /home/scur1224/.conda/envs/RecSys/bin/python /gpfs/home1/scur1224/GRID/src/train.py experiment=tiger_train_flat data_dir=/projects/prjs2120/groups/group_08/data/amazon_data/sports semantic_id_path=/projects/prjs2120/groups/group_08/results/sid_rqvae/sports/rqvae_inference/pickle/merged_predictions_tensor.pt num_hierarchies=4 hydra.run.dir=/projects/prjs2120/groups/group_08/results/tiger_rqvae/sports ++should_skip_retry=True
[2026-06-15 11:28:04,578][src.utils.utils][INFO] - [rank: 0] Enforcing tags! <cfg.extras.enforce_tags=True>
[2026-06-15 11:28:04,583][src.utils.utils][INFO] - [rank: 0] Printing config tree with Rich! <cfg.extras.print_config=True>
[2026-06-15 11:28:04,858][src.utils.restart_job][INFO] - [rank: 0] should_skip_retry set to True. Skipping retry logic.
[2026-06-15 11:28:04,880][src.utils.launcher_utils][INFO] - [rank: 0] Instantiating datamodule <src.data.loading.datamodules.sequence_datamodule.SequenceDataModule>
[2026-06-15 11:28:05,071][src.utils.launcher_utils][INFO] - [rank: 0] Instantiating model <src.models.modules.semantic_id.tiger_generation_model.SemanticIDEncoderDecoder>
[2026-06-15 11:28:05,380][src.utils.launcher_utils][INFO] - [rank: 0] Instantiating callbacks...
[2026-06-15 11:28:05,380][src.utils.instantiators][INFO] - [rank: 0] Instantiating callback <lightning.pytorch.callbacks.ModelCheckpoint>
[2026-06-15 11:28:05,396][src.utils.instantiators][INFO] - [rank: 0] Instantiating callback <lightning.pytorch.callbacks.EarlyStopping>
[2026-06-15 11:28:05,398][src.utils.instantiators][INFO] - [rank: 0] Instantiating callback <lightning.pytorch.callbacks.RichModelSummary>
[2026-06-15 11:28:05,399][src.utils.instantiators][INFO] - [rank: 0] Instantiating callback <src.utils.restart_job.RestartAndLoadCheckpointCallback>
[2026-06-15 11:28:05,402][src.utils.restart_job_utils][INFO] - [rank: 0] Trying to load metadata from /projects/prjs2120/groups/group_08/results/tiger_rqvae/sports/metadata/restart_metadata.json
[2026-06-15 11:28:05,405][src.utils.restart_job_utils][INFO] - [rank: 0] Metadata loaded successfully from /projects/prjs2120/groups/group_08/results/tiger_rqvae/sports/metadata/restart_metadata.json
[2026-06-15 11:28:05,405][src.utils.restart_job_utils][INFO] - [rank: 0] Saving metadata to /projects/prjs2120/groups/group_08/results/tiger_rqvae/sports/metadata/restart_metadata.json. {'start_time': '2026-06-11T20:23:29.918090', 'restarts': [], 'current_run': 0, 'used_ports': ['40987'], 'world_size': 1, 'node_rank': 0, 'master_addr': '127.0.0.1', 'original_args': ['/gpfs/home1/scur1224/GRID/src/train.py', 'experiment=tiger_train_flat', 'data_dir=/projects/prjs2120/groups/group_08/data/amazon_data/sports', 'semantic_id_path=/projects/prjs2120/groups/group_08/results/sid_rqvae/sports/rqvae_inference/pickle/merged_predictions_tensor.pt', 'num_hierarchies=4', 'hydra.run.dir=/projects/prjs2120/groups/group_08/results/tiger_rqvae/sports', '++should_skip_retry=True']}
[2026-06-15 11:28:05,407][src.utils.launcher_utils][INFO] - [rank: 0] Instantiating loggers...
[2026-06-15 11:28:05,407][src.utils.instantiators][INFO] - [rank: 0] Instantiating logger <lightning.pytorch.loggers.csv_logs.CSVLogger>
[2026-06-15 11:28:05,409][src.utils.launcher_utils][INFO] - [rank: 0] Instantiating trainer <lightning.pytorch.trainer.Trainer>
[2026-06-15 11:28:05,411][src.utils.restart_job_utils][INFO] - [rank: 0] Trying to load metadata from /projects/prjs2120/groups/group_08/results/tiger_rqvae/sports/metadata/restart_metadata.json
[2026-06-15 11:28:05,411][src.utils.restart_job_utils][INFO] - [rank: 0] Metadata loaded successfully from /projects/prjs2120/groups/group_08/results/tiger_rqvae/sports/metadata/restart_metadata.json
[2026-06-15 11:28:05,411][src.utils.restart_job_utils][INFO] - [rank: 0] Retrieved current_run: 0 from metadata /projects/prjs2120/groups/group_08/results/tiger_rqvae/sports/metadata/restart_metadata.json
[2026-06-15 11:28:05,478][src.utils.launcher_utils][INFO] - [rank: 0] Logging hyperparameters!
[2026-06-15 11:28:06,813][__main__][INFO] - [rank: 0] Starting training!
[2026-06-15 11:28:08,575][src.utils.restart_job_utils][INFO] - [rank: 0] Saving metadata to /projects/prjs2120/groups/group_08/results/tiger_rqvae/sports/metadata/restart_metadata.json. {'start_time': '2026-06-11T20:23:29.918090', 'restarts': [], 'current_run': 0, 'used_ports': ['40987', '40439'], 'world_size': 1, 'node_rank': 0, 'master_addr': '127.0.0.1', 'original_args': ['/gpfs/home1/scur1224/GRID/src/train.py', 'experiment=tiger_train_flat', 'data_dir=/projects/prjs2120/groups/group_08/data/amazon_data/sports', 'semantic_id_path=/projects/prjs2120/groups/group_08/results/sid_rqvae/sports/rqvae_inference/pickle/merged_predictions_tensor.pt', 'num_hierarchies=4', 'hydra.run.dir=/projects/prjs2120/groups/group_08/results/tiger_rqvae/sports', '++should_skip_retry=True']}
[2026-06-18 18:50:01,960][src.utils.utils][INFO] - [rank: 0] Enforcing tags! <cfg.extras.enforce_tags=True>
[2026-06-18 18:50:01,978][src.utils.utils][INFO] - [rank: 0] Printing config tree with Rich! <cfg.extras.print_config=True>
[2026-06-18 18:50:02,262][src.utils.restart_job][INFO] - [rank: 0] Using metadata dir: /projects/prjs2120/groups/group_08/results/tiger_rqvae/sports/metadata
[2026-06-18 18:50:02,263][src.utils.restart_job][INFO] - [rank: 0] Starting job (attempt 1/4): /home/scur1224/.conda/envs/RecSys/bin/python /gpfs/home1/scur1224/GRID/src/train.py experiment=tiger_train_flat data_dir=/projects/prjs2120/groups/group_08/data/amazon_data/sports semantic_id_path=/projects/prjs2120/groups/group_08/results/sid_rqvae/sports/rqvae_inference/pickle/merged_predictions_tensor.pt num_hierarchies=4 hydra.run.dir=/projects/prjs2120/groups/group_08/results/tiger_rqvae/sports ++should_skip_retry=True
[2026-06-18 18:50:10,035][src.utils.utils][INFO] - [rank: 0] Enforcing tags! <cfg.extras.enforce_tags=True>
[2026-06-18 18:50:10,041][src.utils.utils][INFO] - [rank: 0] Printing config tree with Rich! <cfg.extras.print_config=True>
[2026-06-18 18:50:10,314][src.utils.restart_job][INFO] - [rank: 0] should_skip_retry set to True. Skipping retry logic.
[2026-06-18 18:50:10,326][src.utils.launcher_utils][INFO] - [rank: 0] Instantiating datamodule <src.data.loading.datamodules.sequence_datamodule.SequenceDataModule>
[2026-06-18 18:50:10,463][src.utils.launcher_utils][INFO] - [rank: 0] Instantiating model <src.models.modules.semantic_id.tiger_generation_model.SemanticIDEncoderDecoder>
[2026-06-18 18:50:10,724][src.utils.launcher_utils][INFO] - [rank: 0] Instantiating callbacks...
[2026-06-18 18:50:10,736][src.utils.instantiators][INFO] - [rank: 0] Instantiating callback <lightning.pytorch.callbacks.ModelCheckpoint>
[2026-06-18 18:50:10,740][src.utils.instantiators][INFO] - [rank: 0] Instantiating callback <lightning.pytorch.callbacks.EarlyStopping>
[2026-06-18 18:50:10,742][src.utils.instantiators][INFO] - [rank: 0] Instantiating callback <lightning.pytorch.callbacks.RichModelSummary>
[2026-06-18 18:50:10,743][src.utils.instantiators][INFO] - [rank: 0] Instantiating callback <src.utils.restart_job.RestartAndLoadCheckpointCallback>
[2026-06-18 18:50:10,745][src.utils.restart_job_utils][INFO] - [rank: 0] Trying to load metadata from /projects/prjs2120/groups/group_08/results/tiger_rqvae/sports/metadata/restart_metadata.json
[2026-06-18 18:50:10,746][src.utils.restart_job_utils][INFO] - [rank: 0] Metadata loaded successfully from /projects/prjs2120/groups/group_08/results/tiger_rqvae/sports/metadata/restart_metadata.json
[2026-06-18 18:50:10,746][src.utils.restart_job_utils][INFO] - [rank: 0] Saving metadata to /projects/prjs2120/groups/group_08/results/tiger_rqvae/sports/metadata/restart_metadata.json. {'start_time': '2026-06-11T20:23:29.918090', 'restarts': [], 'current_run': 0, 'used_ports': ['40987', '40439'], 'world_size': 1, 'node_rank': 0, 'master_addr': '127.0.0.1', 'original_args': ['/gpfs/home1/scur1224/GRID/src/train.py', 'experiment=tiger_train_flat', 'data_dir=/projects/prjs2120/groups/group_08/data/amazon_data/sports', 'semantic_id_path=/projects/prjs2120/groups/group_08/results/sid_rqvae/sports/rqvae_inference/pickle/merged_predictions_tensor.pt', 'num_hierarchies=4', 'hydra.run.dir=/projects/prjs2120/groups/group_08/results/tiger_rqvae/sports', '++should_skip_retry=True']}
[2026-06-18 18:50:10,747][src.utils.launcher_utils][INFO] - [rank: 0] Instantiating loggers...
[2026-06-18 18:50:10,747][src.utils.instantiators][INFO] - [rank: 0] Instantiating logger <lightning.pytorch.loggers.csv_logs.CSVLogger>
[2026-06-18 18:50:10,749][src.utils.launcher_utils][INFO] - [rank: 0] Instantiating trainer <lightning.pytorch.trainer.Trainer>
[2026-06-18 18:50:10,751][src.utils.restart_job_utils][INFO] - [rank: 0] Trying to load metadata from /projects/prjs2120/groups/group_08/results/tiger_rqvae/sports/metadata/restart_metadata.json
[2026-06-18 18:50:10,751][src.utils.restart_job_utils][INFO] - [rank: 0] Metadata loaded successfully from /projects/prjs2120/groups/group_08/results/tiger_rqvae/sports/metadata/restart_metadata.json
[2026-06-18 18:50:10,751][src.utils.restart_job_utils][INFO] - [rank: 0] Retrieved current_run: 0 from metadata /projects/prjs2120/groups/group_08/results/tiger_rqvae/sports/metadata/restart_metadata.json
[2026-06-18 18:50:10,802][src.utils.launcher_utils][INFO] - [rank: 0] Logging hyperparameters!
[2026-06-18 18:50:11,409][__main__][INFO] - [rank: 0] Starting training!
[2026-06-18 18:50:12,893][src.utils.restart_job_utils][INFO] - [rank: 0] Saving metadata to /projects/prjs2120/groups/group_08/results/tiger_rqvae/sports/metadata/restart_metadata.json. {'start_time': '2026-06-11T20:23:29.918090', 'restarts': [], 'current_run': 0, 'used_ports': ['40987', '40439', '48695'], 'world_size': 1, 'node_rank': 0, 'master_addr': '127.0.0.1', 'original_args': ['/gpfs/home1/scur1224/GRID/src/train.py', 'experiment=tiger_train_flat', 'data_dir=/projects/prjs2120/groups/group_08/data/amazon_data/sports', 'semantic_id_path=/projects/prjs2120/groups/group_08/results/sid_rqvae/sports/rqvae_inference/pickle/merged_predictions_tensor.pt', 'num_hierarchies=4', 'hydra.run.dir=/projects/prjs2120/groups/group_08/results/tiger_rqvae/sports', '++should_skip_retry=True']}
[2026-06-19 01:15:32,002][__main__][INFO] - [rank: 0] Starting testing!
[2026-06-19 01:18:55,316][__main__][INFO] - [rank: 0] Best ckpt path: /gpfs/work5/0/prjs2120/groups/group_08/results/tiger_rqvae/sports/checkpoints/checkpoint_epoch=000_step=004900-v1.ckpt
[2026-06-19 01:18:55,343][__main__][INFO] - [rank: 0] Metrics: {'train/loss': tensor(9.3166), 'train/loss_step': tensor(7.8399), 'val/loss': tensor(9.3721), 'val/ndcg@5': tensor(0.0183), 'val/ndcg@10': tensor(0.0230), 'val/recall@5': tensor(0.0270), 'val/recall@10': tensor(0.0415), 'train/loss_epoch': tensor(9.3166), 'test/loss': tensor(9.7684), 'test/ndcg@5': tensor(0.0133), 'test/ndcg@10': tensor(0.0166), 'test/recall@5': tensor(0.0205), 'test/recall@10': tensor(0.0309)}
[2026-06-19 01:19:00,143][src.utils.restart_job][INFO] - [rank: 0] Job finished successfully.
