[2026-06-16 11:57:33,719][src.utils.utils][INFO] - [rank: 0] Enforcing tags! <cfg.extras.enforce_tags=True>
[2026-06-16 11:57:33,725][src.utils.utils][INFO] - [rank: 0] Printing config tree with Rich! <cfg.extras.print_config=True>
[2026-06-16 11:57:34,008][src.utils.restart_job][INFO] - [rank: 0] Using metadata dir: /scratch-shared/scur1219/results/tiger/L/beauty_rkmeans/metadata
[2026-06-16 11:57:34,008][src.utils.restart_job][INFO] - [rank: 0] Starting job (attempt 1/4): /home/scur1219/.conda/envs/RecSys/bin/python /gpfs/home6/scur1219/GRID/src/train.py experiment=tiger_train_flat data_dir=/projects/prjs2120/groups/group_08/data/amazon_data/beauty semantic_id_path=/scratch-shared/scur1219/results/sid_rkmeans/L/beauty/rkmeans_inference/pickle/merged_predictions_tensor.pt num_hierarchies=4 hydra.run.dir=/scratch-shared/scur1219/results/tiger/L/beauty_rkmeans ++should_skip_retry=True
[2026-06-16 11:57:41,866][src.utils.utils][INFO] - [rank: 0] Enforcing tags! <cfg.extras.enforce_tags=True>
[2026-06-16 11:57:41,871][src.utils.utils][INFO] - [rank: 0] Printing config tree with Rich! <cfg.extras.print_config=True>
[2026-06-16 11:57:42,145][src.utils.restart_job][INFO] - [rank: 0] should_skip_retry set to True. Skipping retry logic.
[2026-06-16 11:57:42,153][src.utils.launcher_utils][INFO] - [rank: 0] Instantiating datamodule <src.data.loading.datamodules.sequence_datamodule.SequenceDataModule>
[2026-06-16 11:57:42,240][src.utils.launcher_utils][INFO] - [rank: 0] Instantiating model <src.models.modules.semantic_id.tiger_generation_model.SemanticIDEncoderDecoder>
[2026-06-16 11:57:42,491][src.utils.launcher_utils][INFO] - [rank: 0] Instantiating callbacks...
[2026-06-16 11:57:42,492][src.utils.instantiators][INFO] - [rank: 0] Instantiating callback <lightning.pytorch.callbacks.ModelCheckpoint>
[2026-06-16 11:57:42,495][src.utils.instantiators][INFO] - [rank: 0] Instantiating callback <lightning.pytorch.callbacks.EarlyStopping>
[2026-06-16 11:57:42,498][src.utils.instantiators][INFO] - [rank: 0] Instantiating callback <lightning.pytorch.callbacks.RichModelSummary>
[2026-06-16 11:57:42,498][src.utils.instantiators][INFO] - [rank: 0] Instantiating callback <src.utils.restart_job.RestartAndLoadCheckpointCallback>
[2026-06-16 11:57:42,500][src.utils.restart_job_utils][INFO] - [rank: 0] Trying to load metadata from /scratch-shared/scur1219/results/tiger/L/beauty_rkmeans/metadata/restart_metadata.json
[2026-06-16 11:57:42,501][src.utils.restart_job_utils][WARNING] - [rank: 0] Metadata file not found at /scratch-shared/scur1219/results/tiger/L/beauty_rkmeans/metadata/restart_metadata.json. Creating empty metadata.
[2026-06-16 11:57:42,501][src.utils.restart_job_utils][INFO] - [rank: 0] Saving metadata to /scratch-shared/scur1219/results/tiger/L/beauty_rkmeans/metadata/restart_metadata.json. {'start_time': '2026-06-16T11:57:42.501360', 'restarts': [], 'current_run': 0, 'used_ports': [], 'world_size': 0, 'node_rank': 0, 'master_addr': '', 'original_args': ['/gpfs/home6/scur1219/GRID/src/train.py', 'experiment=tiger_train_flat', 'data_dir=/projects/prjs2120/groups/group_08/data/amazon_data/beauty', 'semantic_id_path=/scratch-shared/scur1219/results/sid_rkmeans/L/beauty/rkmeans_inference/pickle/merged_predictions_tensor.pt', 'num_hierarchies=4', 'hydra.run.dir=/scratch-shared/scur1219/results/tiger/L/beauty_rkmeans', '++should_skip_retry=True']}
[2026-06-16 11:57:42,501][src.utils.launcher_utils][INFO] - [rank: 0] Instantiating loggers...
[2026-06-16 11:57:42,502][src.utils.instantiators][INFO] - [rank: 0] Instantiating logger <lightning.pytorch.loggers.csv_logs.CSVLogger>
[2026-06-16 11:57:42,503][src.utils.launcher_utils][INFO] - [rank: 0] Instantiating trainer <lightning.pytorch.trainer.Trainer>
[2026-06-16 11:57:42,505][src.utils.restart_job_utils][INFO] - [rank: 0] Trying to load metadata from /scratch-shared/scur1219/results/tiger/L/beauty_rkmeans/metadata/restart_metadata.json
[2026-06-16 11:57:42,507][src.utils.restart_job_utils][INFO] - [rank: 0] Metadata loaded successfully from /scratch-shared/scur1219/results/tiger/L/beauty_rkmeans/metadata/restart_metadata.json
[2026-06-16 11:57:42,508][src.utils.restart_job_utils][INFO] - [rank: 0] Retrieved current_run: 0 from metadata /scratch-shared/scur1219/results/tiger/L/beauty_rkmeans/metadata/restart_metadata.json
[2026-06-16 11:57:42,554][src.utils.launcher_utils][INFO] - [rank: 0] Logging hyperparameters!
[2026-06-16 11:57:42,950][__main__][INFO] - [rank: 0] Starting training!
[2026-06-16 11:57:44,675][src.utils.restart_job_utils][INFO] - [rank: 0] Saving metadata to /scratch-shared/scur1219/results/tiger/L/beauty_rkmeans/metadata/restart_metadata.json. {'start_time': '2026-06-16T11:57:42.501360', 'restarts': [], 'current_run': 0, 'used_ports': ['42809'], 'world_size': 1, 'node_rank': 0, 'master_addr': '127.0.0.1', 'original_args': ['/gpfs/home6/scur1219/GRID/src/train.py', 'experiment=tiger_train_flat', 'data_dir=/projects/prjs2120/groups/group_08/data/amazon_data/beauty', 'semantic_id_path=/scratch-shared/scur1219/results/sid_rkmeans/L/beauty/rkmeans_inference/pickle/merged_predictions_tensor.pt', 'num_hierarchies=4', 'hydra.run.dir=/scratch-shared/scur1219/results/tiger/L/beauty_rkmeans', '++should_skip_retry=True']}
[2026-06-16 17:02:05,020][__main__][INFO] - [rank: 0] Starting testing!
[2026-06-16 17:04:12,741][__main__][INFO] - [rank: 0] Best ckpt path: /gpfs/scratch1/shared/scur1219/results/tiger/L/beauty_rkmeans/checkpoints/checkpoint_epoch=000_step=004800.ckpt
[2026-06-16 17:04:12,767][__main__][INFO] - [rank: 0] Metrics: {'train/loss': tensor(7.5031), 'train/loss_step': tensor(4.6689), 'val/loss': tensor(9.5383), 'val/ndcg@5': tensor(0.0393), 'val/ndcg@10': tensor(0.0470), 'val/recall@5': tensor(0.0569), 'val/recall@10': tensor(0.0809), 'train/loss_epoch': tensor(7.5031), 'test/loss': tensor(9.8078), 'test/ndcg@5': tensor(0.0304), 'test/ndcg@10': tensor(0.0365), 'test/recall@5': tensor(0.0449), 'test/recall@10': tensor(0.0640)}
[2026-06-16 17:04:21,722][src.utils.restart_job][INFO] - [rank: 0] Job finished successfully.
